Error: ER_NO_DB_ERROR: No database selected
    at Query.Sequence._packetToError (G:\node\node-koa2\node_modules\_mysql@2.16.0@mysql\lib\protocol\sequences\Sequence.js:47:14)
    at Query.ErrorPacket (G:\node\node-koa2\node_modules\_mysql@2.16.0@mysql\lib\protocol\sequences\Query.js:77:18)
    at Protocol._parsePacket (G:\node\node-koa2\node_modules\_mysql@2.16.0@mysql\lib\protocol\Protocol.js:278:23)
    at Parser.write (G:\node\node-koa2\node_modules\_mysql@2.16.0@mysql\lib\protocol\Parser.js:76:12)
    at Protocol.write (G:\node\node-koa2\node_modules\_mysql@2.16.0@mysql\lib\protocol\Protocol.js:38:16)
    at Socket.<anonymous> (G:\node\node-koa2\node_modules\_mysql@2.16.0@mysql\lib\Connection.js:91:28)
    at Socket.<anonymous> (G:\node\node-koa2\node_modules\_mysql@2.16.0@mysql\lib\Connection.js:502:10)
    at emitOne (events.js:116:13)
    at Socket.emit (events.js:211:7)
    at addChunk (_stream_readable.js:263:12)
    at readableAddChunk (_stream_readable.js:250:11)
    at Socket.Readable.push (_stream_readable.js:208:10)
    at TCP.onread (net.js:601:20)
    --------------------
    at Pool.query (G:\node\node-koa2\node_modules\_mysql@2.16.0@mysql\lib\Pool.js:199:23)
    at MysqlStore.<anonymous> (G:\node\node-koa2\node_modules\_co-mysql@0.4.1@co-mysql\index.js:10:10)
    at next (G:\node\node-koa2\node_modules\_co@3.1.0@co\index.js:90:21)
    at MysqlStore.<anonymous> (G:\node\node-koa2\node_modules\_co@3.1.0@co\index.js:45:5)
    at new MysqlStore (G:\node\node-koa2\node_modules\_koa-mysql-session@0.0.2@koa-mysql-session\index.js:50:8)
    at Object.<anonymous> (G:\node\node-koa2\app.js:12:14)
    at Module._compile (module.js:653:30)
    at Object.Module._extensions..js (module.js:664:10)
    at Module.load (module.js:566:32)
    at tryModuleLoad (module.js:506:12)
    at Function.Module._load (module.js:498:3)
    at Module.require (module.js:597:17)
    at require (internal/module.js:11:18)
    at Object.<anonymous> (G:\node\node-koa2\bin\www:7:11)
    at Module._compile (module.js:653:30)
    at Object.Module._extensions..js (module.js:664:10)
Error: ER_NO_DB_ERROR: No database selected
    at Query.Sequence._packetToError (G:\node\node-koa2\node_modules\_mysql@2.16.0@mysql\lib\protocol\sequences\Sequence.js:47:14)
    at Query.ErrorPacket (G:\node\node-koa2\node_modules\_mysql@2.16.0@mysql\lib\protocol\sequences\Query.js:77:18)
    at Protocol._parsePacket (G:\node\node-koa2\node_modules\_mysql@2.16.0@mysql\lib\protocol\Protocol.js:278:23)
    at Parser.write (G:\node\node-koa2\node_modules\_mysql@2.16.0@mysql\lib\protocol\Parser.js:76:12)
    at Protocol.write (G:\node\node-koa2\node_modules\_mysql@2.16.0@mysql\lib\protocol\Protocol.js:38:16)
    at Socket.<anonymous> (G:\node\node-koa2\node_modules\_mysql@2.16.0@mysql\lib\Connection.js:91:28)
    at Socket.<anonymous> (G:\node\node-koa2\node_modules\_mysql@2.16.0@mysql\lib\Connection.js:502:10)
    at emitOne (events.js:116:13)
    at Socket.emit (events.js:211:7)
    at addChunk (_stream_readable.js:263:12)
    at readableAddChunk (_stream_readable.js:250:11)
    at Socket.Readable.push (_stream_readable.js:208:10)
    at TCP.onread (net.js:601:20)
    --------------------
    at Pool.query (G:\node\node-koa2\node_modules\_mysql@2.16.0@mysql\lib\Pool.js:199:23)
    at MysqlStore.<anonymous> (G:\node\node-koa2\node_modules\_co-mysql@0.4.1@co-mysql\index.js:10:10)
    at next (G:\node\node-koa2\node_modules\_co@3.1.0@co\index.js:90:21)
    at MysqlStore.<anonymous> (G:\node\node-koa2\node_modules\_co@3.1.0@co\index.js:45:5)
    at new MysqlStore (G:\node\node-koa2\node_modules\_koa-mysql-session@0.0.2@koa-mysql-session\index.js:50:8)
    at Object.<anonymous> (G:\node\node-koa2\app.js:12:14)
    at Module._compile (module.js:653:30)
    at Object.Module._extensions..js (module.js:664:10)
    at Module.load (module.js:566:32)
    at tryModuleLoad (module.js:506:12)
    at Function.Module._load (module.js:498:3)
    at Module.require (module.js:597:17)
    at require (internal/module.js:11:18)
    at Object.<anonymous> (G:\node\node-koa2\bin\www:7:11)
    at Module._compile (module.js:653:30)
    at Object.Module._extensions..js (module.js:664:10)
Error: ER_NO_DB_ERROR: No database selected
    at Query.Sequence._packetToError (G:\node\node-koa2\node_modules\_mysql@2.16.0@mysql\lib\protocol\sequences\Sequence.js:47:14)
    at Query.ErrorPacket (G:\node\node-koa2\node_modules\_mysql@2.16.0@mysql\lib\protocol\sequences\Query.js:77:18)
    at Protocol._parsePacket (G:\node\node-koa2\node_modules\_mysql@2.16.0@mysql\lib\protocol\Protocol.js:278:23)
    at Parser.write (G:\node\node-koa2\node_modules\_mysql@2.16.0@mysql\lib\protocol\Parser.js:76:12)
    at Protocol.write (G:\node\node-koa2\node_modules\_mysql@2.16.0@mysql\lib\protocol\Protocol.js:38:16)
    at Socket.<anonymous> (G:\node\node-koa2\node_modules\_mysql@2.16.0@mysql\lib\Connection.js:91:28)
    at Socket.<anonymous> (G:\node\node-koa2\node_modules\_mysql@2.16.0@mysql\lib\Connection.js:502:10)
    at emitOne (events.js:116:13)
    at Socket.emit (events.js:211:7)
    at addChunk (_stream_readable.js:263:12)
    at readableAddChunk (_stream_readable.js:250:11)
    at Socket.Readable.push (_stream_readable.js:208:10)
    at TCP.onread (net.js:601:20)
    --------------------
    at Pool.query (G:\node\node-koa2\node_modules\_mysql@2.16.0@mysql\lib\Pool.js:199:23)
    at MysqlStore.<anonymous> (G:\node\node-koa2\node_modules\_co-mysql@0.4.1@co-mysql\index.js:10:10)
    at next (G:\node\node-koa2\node_modules\_co@3.1.0@co\index.js:90:21)
    at MysqlStore.<anonymous> (G:\node\node-koa2\node_modules\_co@3.1.0@co\index.js:45:5)
    at new MysqlStore (G:\node\node-koa2\node_modules\_koa-mysql-session@0.0.2@koa-mysql-session\index.js:50:8)
    at Object.<anonymous> (G:\node\node-koa2\app.js:12:14)
    at Module._compile (module.js:653:30)
    at Object.Module._extensions..js (module.js:664:10)
    at Module.load (module.js:566:32)
    at tryModuleLoad (module.js:506:12)
    at Function.Module._load (module.js:498:3)
    at Module.require (module.js:597:17)
    at require (internal/module.js:11:18)
    at Object.<anonymous> (G:\node\node-koa2\bin\www:7:11)
    at Module._compile (module.js:653:30)
    at Object.Module._extensions..js (module.js:664:10)
Error: ER_NO_DB_ERROR: No database selected
    at Query.Sequence._packetToError (G:\node\node-koa2\node_modules\_mysql@2.16.0@mysql\lib\protocol\sequences\Sequence.js:47:14)
    at Query.ErrorPacket (G:\node\node-koa2\node_modules\_mysql@2.16.0@mysql\lib\protocol\sequences\Query.js:77:18)
    at Protocol._parsePacket (G:\node\node-koa2\node_modules\_mysql@2.16.0@mysql\lib\protocol\Protocol.js:278:23)
    at Parser.write (G:\node\node-koa2\node_modules\_mysql@2.16.0@mysql\lib\protocol\Parser.js:76:12)
    at Protocol.write (G:\node\node-koa2\node_modules\_mysql@2.16.0@mysql\lib\protocol\Protocol.js:38:16)
    at Socket.<anonymous> (G:\node\node-koa2\node_modules\_mysql@2.16.0@mysql\lib\Connection.js:91:28)
    at Socket.<anonymous> (G:\node\node-koa2\node_modules\_mysql@2.16.0@mysql\lib\Connection.js:502:10)
    at emitOne (events.js:116:13)
    at Socket.emit (events.js:211:7)
    at addChunk (_stream_readable.js:263:12)
    at readableAddChunk (_stream_readable.js:250:11)
    at Socket.Readable.push (_stream_readable.js:208:10)
    at TCP.onread (net.js:601:20)
    --------------------
    at Pool.query (G:\node\node-koa2\node_modules\_mysql@2.16.0@mysql\lib\Pool.js:199:23)
    at MysqlStore.<anonymous> (G:\node\node-koa2\node_modules\_co-mysql@0.4.1@co-mysql\index.js:10:10)
    at next (G:\node\node-koa2\node_modules\_co@3.1.0@co\index.js:90:21)
    at MysqlStore.<anonymous> (G:\node\node-koa2\node_modules\_co@3.1.0@co\index.js:45:5)
    at new MysqlStore (G:\node\node-koa2\node_modules\_koa-mysql-session@0.0.2@koa-mysql-session\index.js:50:8)
    at Object.<anonymous> (G:\node\node-koa2\app.js:12:14)
    at Module._compile (module.js:653:30)
    at Object.Module._extensions..js (module.js:664:10)
    at Module.load (module.js:566:32)
    at tryModuleLoad (module.js:506:12)
    at Function.Module._load (module.js:498:3)
    at Module.require (module.js:597:17)
    at require (internal/module.js:11:18)
    at Object.<anonymous> (G:\node\node-koa2\bin\www:7:11)
    at Module._compile (module.js:653:30)
    at Object.Module._extensions..js (module.js:664:10)
Error: ER_NO_DB_ERROR: No database selected
    at Query.Sequence._packetToError (G:\node\node-koa2\node_modules\_mysql@2.16.0@mysql\lib\protocol\sequences\Sequence.js:47:14)
    at Query.ErrorPacket (G:\node\node-koa2\node_modules\_mysql@2.16.0@mysql\lib\protocol\sequences\Query.js:77:18)
    at Protocol._parsePacket (G:\node\node-koa2\node_modules\_mysql@2.16.0@mysql\lib\protocol\Protocol.js:278:23)
    at Parser.write (G:\node\node-koa2\node_modules\_mysql@2.16.0@mysql\lib\protocol\Parser.js:76:12)
    at Protocol.write (G:\node\node-koa2\node_modules\_mysql@2.16.0@mysql\lib\protocol\Protocol.js:38:16)
    at Socket.<anonymous> (G:\node\node-koa2\node_modules\_mysql@2.16.0@mysql\lib\Connection.js:91:28)
    at Socket.<anonymous> (G:\node\node-koa2\node_modules\_mysql@2.16.0@mysql\lib\Connection.js:502:10)
    at emitOne (events.js:116:13)
    at Socket.emit (events.js:211:7)
    at addChunk (_stream_readable.js:263:12)
    at readableAddChunk (_stream_readable.js:250:11)
    at Socket.Readable.push (_stream_readable.js:208:10)
    at TCP.onread (net.js:601:20)
    --------------------
    at Pool.query (G:\node\node-koa2\node_modules\_mysql@2.16.0@mysql\lib\Pool.js:199:23)
    at MysqlStore.<anonymous> (G:\node\node-koa2\node_modules\_co-mysql@0.4.1@co-mysql\index.js:10:10)
    at next (G:\node\node-koa2\node_modules\_co@3.1.0@co\index.js:90:21)
    at MysqlStore.<anonymous> (G:\node\node-koa2\node_modules\_co@3.1.0@co\index.js:45:5)
    at new MysqlStore (G:\node\node-koa2\node_modules\_koa-mysql-session@0.0.2@koa-mysql-session\index.js:50:8)
    at Object.<anonymous> (G:\node\node-koa2\app.js:12:14)
    at Module._compile (module.js:653:30)
    at Object.Module._extensions..js (module.js:664:10)
    at Module.load (module.js:566:32)
    at tryModuleLoad (module.js:506:12)
    at Function.Module._load (module.js:498:3)
    at Module.require (module.js:597:17)
    at require (internal/module.js:11:18)
    at Object.<anonymous> (G:\node\node-koa2\bin\www:7:11)
    at Module._compile (module.js:653:30)
    at Object.Module._extensions..js (module.js:664:10)
Error: ER_NO_DB_ERROR: No database selected
    at Query.Sequence._packetToError (G:\node\node-koa2\node_modules\_mysql@2.16.0@mysql\lib\protocol\sequences\Sequence.js:47:14)
    at Query.ErrorPacket (G:\node\node-koa2\node_modules\_mysql@2.16.0@mysql\lib\protocol\sequences\Query.js:77:18)
    at Protocol._parsePacket (G:\node\node-koa2\node_modules\_mysql@2.16.0@mysql\lib\protocol\Protocol.js:278:23)
    at Parser.write (G:\node\node-koa2\node_modules\_mysql@2.16.0@mysql\lib\protocol\Parser.js:76:12)
    at Protocol.write (G:\node\node-koa2\node_modules\_mysql@2.16.0@mysql\lib\protocol\Protocol.js:38:16)
    at Socket.<anonymous> (G:\node\node-koa2\node_modules\_mysql@2.16.0@mysql\lib\Connection.js:91:28)
    at Socket.<anonymous> (G:\node\node-koa2\node_modules\_mysql@2.16.0@mysql\lib\Connection.js:502:10)
    at emitOne (events.js:116:13)
    at Socket.emit (events.js:211:7)
    at addChunk (_stream_readable.js:263:12)
    at readableAddChunk (_stream_readable.js:250:11)
    at Socket.Readable.push (_stream_readable.js:208:10)
    at TCP.onread (net.js:601:20)
    --------------------
    at Pool.query (G:\node\node-koa2\node_modules\_mysql@2.16.0@mysql\lib\Pool.js:199:23)
    at MysqlStore.<anonymous> (G:\node\node-koa2\node_modules\_co-mysql@0.4.1@co-mysql\index.js:10:10)
    at next (G:\node\node-koa2\node_modules\_co@3.1.0@co\index.js:90:21)
    at MysqlStore.<anonymous> (G:\node\node-koa2\node_modules\_co@3.1.0@co\index.js:45:5)
    at new MysqlStore (G:\node\node-koa2\node_modules\_koa-mysql-session@0.0.2@koa-mysql-session\index.js:50:8)
    at Object.<anonymous> (G:\node\node-koa2\app.js:12:14)
    at Module._compile (module.js:653:30)
    at Object.Module._extensions..js (module.js:664:10)
    at Module.load (module.js:566:32)
    at tryModuleLoad (module.js:506:12)
    at Function.Module._load (module.js:498:3)
    at Module.require (module.js:597:17)
    at require (internal/module.js:11:18)
    at Object.<anonymous> (G:\node\node-koa2\bin\www:7:11)
    at Module._compile (module.js:653:30)
    at Object.Module._extensions..js (module.js:664:10)
Error: ER_NO_DB_ERROR: No database selected
    at Query.Sequence._packetToError (G:\node\node-koa2\node_modules\_mysql@2.16.0@mysql\lib\protocol\sequences\Sequence.js:47:14)
    at Query.ErrorPacket (G:\node\node-koa2\node_modules\_mysql@2.16.0@mysql\lib\protocol\sequences\Query.js:77:18)
    at Protocol._parsePacket (G:\node\node-koa2\node_modules\_mysql@2.16.0@mysql\lib\protocol\Protocol.js:278:23)
    at Parser.write (G:\node\node-koa2\node_modules\_mysql@2.16.0@mysql\lib\protocol\Parser.js:76:12)
    at Protocol.write (G:\node\node-koa2\node_modules\_mysql@2.16.0@mysql\lib\protocol\Protocol.js:38:16)
    at Socket.<anonymous> (G:\node\node-koa2\node_modules\_mysql@2.16.0@mysql\lib\Connection.js:91:28)
    at Socket.<anonymous> (G:\node\node-koa2\node_modules\_mysql@2.16.0@mysql\lib\Connection.js:502:10)
    at emitOne (events.js:116:13)
    at Socket.emit (events.js:211:7)
    at addChunk (_stream_readable.js:263:12)
    at readableAddChunk (_stream_readable.js:250:11)
    at Socket.Readable.push (_stream_readable.js:208:10)
    at TCP.onread (net.js:601:20)
    --------------------
    at Pool.query (G:\node\node-koa2\node_modules\_mysql@2.16.0@mysql\lib\Pool.js:199:23)
    at MysqlStore.<anonymous> (G:\node\node-koa2\node_modules\_co-mysql@0.4.1@co-mysql\index.js:10:10)
    at next (G:\node\node-koa2\node_modules\_co@3.1.0@co\index.js:90:21)
    at MysqlStore.<anonymous> (G:\node\node-koa2\node_modules\_co@3.1.0@co\index.js:45:5)
    at new MysqlStore (G:\node\node-koa2\node_modules\_koa-mysql-session@0.0.2@koa-mysql-session\index.js:50:8)
    at Object.<anonymous> (G:\node\node-koa2\app.js:12:14)
    at Module._compile (module.js:653:30)
    at Object.Module._extensions..js (module.js:664:10)
    at Module.load (module.js:566:32)
    at tryModuleLoad (module.js:506:12)
    at Function.Module._load (module.js:498:3)
    at Module.require (module.js:597:17)
    at require (internal/module.js:11:18)
    at Object.<anonymous> (G:\node\node-koa2\bin\www:7:11)
    at Module._compile (module.js:653:30)
    at Object.Module._extensions..js (module.js:664:10)
Error: ER_NO_DB_ERROR: No database selected
    at Query.Sequence._packetToError (G:\node\node-koa2\node_modules\_mysql@2.16.0@mysql\lib\protocol\sequences\Sequence.js:47:14)
    at Query.ErrorPacket (G:\node\node-koa2\node_modules\_mysql@2.16.0@mysql\lib\protocol\sequences\Query.js:77:18)
    at Protocol._parsePacket (G:\node\node-koa2\node_modules\_mysql@2.16.0@mysql\lib\protocol\Protocol.js:278:23)
    at Parser.write (G:\node\node-koa2\node_modules\_mysql@2.16.0@mysql\lib\protocol\Parser.js:76:12)
    at Protocol.write (G:\node\node-koa2\node_modules\_mysql@2.16.0@mysql\lib\protocol\Protocol.js:38:16)
    at Socket.<anonymous> (G:\node\node-koa2\node_modules\_mysql@2.16.0@mysql\lib\Connection.js:91:28)
    at Socket.<anonymous> (G:\node\node-koa2\node_modules\_mysql@2.16.0@mysql\lib\Connection.js:502:10)
    at emitOne (events.js:116:13)
    at Socket.emit (events.js:211:7)
    at addChunk (_stream_readable.js:263:12)
    at readableAddChunk (_stream_readable.js:250:11)
    at Socket.Readable.push (_stream_readable.js:208:10)
    at TCP.onread (net.js:601:20)
    --------------------
    at Pool.query (G:\node\node-koa2\node_modules\_mysql@2.16.0@mysql\lib\Pool.js:199:23)
    at MysqlStore.<anonymous> (G:\node\node-koa2\node_modules\_co-mysql@0.4.1@co-mysql\index.js:10:10)
    at next (G:\node\node-koa2\node_modules\_co@3.1.0@co\index.js:90:21)
    at MysqlStore.<anonymous> (G:\node\node-koa2\node_modules\_co@3.1.0@co\index.js:45:5)
    at new MysqlStore (G:\node\node-koa2\node_modules\_koa-mysql-session@0.0.2@koa-mysql-session\index.js:50:8)
    at Object.<anonymous> (G:\node\node-koa2\app.js:12:14)
    at Module._compile (module.js:653:30)
    at Object.Module._extensions..js (module.js:664:10)
    at Module.load (module.js:566:32)
    at tryModuleLoad (module.js:506:12)
    at Function.Module._load (module.js:498:3)
    at Module.require (module.js:597:17)
    at require (internal/module.js:11:18)
    at Object.<anonymous> (G:\node\node-koa2\bin\www:7:11)
    at Module._compile (module.js:653:30)
    at Object.Module._extensions..js (module.js:664:10)
Error: ER_NO_DB_ERROR: No database selected
    at Query.Sequence._packetToError (G:\node\node-koa2\node_modules\_mysql@2.16.0@mysql\lib\protocol\sequences\Sequence.js:47:14)
    at Query.ErrorPacket (G:\node\node-koa2\node_modules\_mysql@2.16.0@mysql\lib\protocol\sequences\Query.js:77:18)
    at Protocol._parsePacket (G:\node\node-koa2\node_modules\_mysql@2.16.0@mysql\lib\protocol\Protocol.js:278:23)
    at Parser.write (G:\node\node-koa2\node_modules\_mysql@2.16.0@mysql\lib\protocol\Parser.js:76:12)
    at Protocol.write (G:\node\node-koa2\node_modules\_mysql@2.16.0@mysql\lib\protocol\Protocol.js:38:16)
    at Socket.<anonymous> (G:\node\node-koa2\node_modules\_mysql@2.16.0@mysql\lib\Connection.js:91:28)
    at Socket.<anonymous> (G:\node\node-koa2\node_modules\_mysql@2.16.0@mysql\lib\Connection.js:502:10)
    at emitOne (events.js:116:13)
    at Socket.emit (events.js:211:7)
    at addChunk (_stream_readable.js:263:12)
    at readableAddChunk (_stream_readable.js:250:11)
    at Socket.Readable.push (_stream_readable.js:208:10)
    at TCP.onread (net.js:601:20)
    --------------------
    at Pool.query (G:\node\node-koa2\node_modules\_mysql@2.16.0@mysql\lib\Pool.js:199:23)
    at MysqlStore.<anonymous> (G:\node\node-koa2\node_modules\_co-mysql@0.4.1@co-mysql\index.js:10:10)
    at next (G:\node\node-koa2\node_modules\_co@3.1.0@co\index.js:90:21)
    at MysqlStore.<anonymous> (G:\node\node-koa2\node_modules\_co@3.1.0@co\index.js:45:5)
    at new MysqlStore (G:\node\node-koa2\node_modules\_koa-mysql-session@0.0.2@koa-mysql-session\index.js:50:8)
    at Object.<anonymous> (G:\node\node-koa2\app.js:12:14)
    at Module._compile (module.js:653:30)
    at Object.Module._extensions..js (module.js:664:10)
    at Module.load (module.js:566:32)
    at tryModuleLoad (module.js:506:12)
    at Function.Module._load (module.js:498:3)
    at Module.require (module.js:597:17)
    at require (internal/module.js:11:18)
    at Object.<anonymous> (G:\node\node-koa2\bin\www:7:11)
    at Module._compile (module.js:653:30)
    at Object.Module._extensions..js (module.js:664:10)
Error: ER_NO_DB_ERROR: No database selected
    at Query.Sequence._packetToError (G:\node\node-koa2\node_modules\_mysql@2.16.0@mysql\lib\protocol\sequences\Sequence.js:47:14)
    at Query.ErrorPacket (G:\node\node-koa2\node_modules\_mysql@2.16.0@mysql\lib\protocol\sequences\Query.js:77:18)
    at Protocol._parsePacket (G:\node\node-koa2\node_modules\_mysql@2.16.0@mysql\lib\protocol\Protocol.js:278:23)
    at Parser.write (G:\node\node-koa2\node_modules\_mysql@2.16.0@mysql\lib\protocol\Parser.js:76:12)
    at Protocol.write (G:\node\node-koa2\node_modules\_mysql@2.16.0@mysql\lib\protocol\Protocol.js:38:16)
    at Socket.<anonymous> (G:\node\node-koa2\node_modules\_mysql@2.16.0@mysql\lib\Connection.js:91:28)
    at Socket.<anonymous> (G:\node\node-koa2\node_modules\_mysql@2.16.0@mysql\lib\Connection.js:502:10)
    at emitOne (events.js:116:13)
    at Socket.emit (events.js:211:7)
    at addChunk (_stream_readable.js:263:12)
    at readableAddChunk (_stream_readable.js:250:11)
    at Socket.Readable.push (_stream_readable.js:208:10)
    at TCP.onread (net.js:601:20)
    --------------------
    at Pool.query (G:\node\node-koa2\node_modules\_mysql@2.16.0@mysql\lib\Pool.js:199:23)
    at MysqlStore.<anonymous> (G:\node\node-koa2\node_modules\_co-mysql@0.4.1@co-mysql\index.js:10:10)
    at next (G:\node\node-koa2\node_modules\_co@3.1.0@co\index.js:90:21)
    at MysqlStore.<anonymous> (G:\node\node-koa2\node_modules\_co@3.1.0@co\index.js:45:5)
    at new MysqlStore (G:\node\node-koa2\node_modules\_koa-mysql-session@0.0.2@koa-mysql-session\index.js:50:8)
    at Object.<anonymous> (G:\node\node-koa2\app.js:12:14)
    at Module._compile (module.js:653:30)
    at Object.Module._extensions..js (module.js:664:10)
    at Module.load (module.js:566:32)
    at tryModuleLoad (module.js:506:12)
    at Function.Module._load (module.js:498:3)
    at Module.require (module.js:597:17)
    at require (internal/module.js:11:18)
    at Object.<anonymous> (G:\node\node-koa2\bin\www:7:11)
    at Module._compile (module.js:653:30)
    at Object.Module._extensions..js (module.js:664:10)
Error: ER_NO_DB_ERROR: No database selected
    at Query.Sequence._packetToError (G:\node\node-koa2\node_modules\_mysql@2.16.0@mysql\lib\protocol\sequences\Sequence.js:47:14)
    at Query.ErrorPacket (G:\node\node-koa2\node_modules\_mysql@2.16.0@mysql\lib\protocol\sequences\Query.js:77:18)
    at Protocol._parsePacket (G:\node\node-koa2\node_modules\_mysql@2.16.0@mysql\lib\protocol\Protocol.js:278:23)
    at Parser.write (G:\node\node-koa2\node_modules\_mysql@2.16.0@mysql\lib\protocol\Parser.js:76:12)
    at Protocol.write (G:\node\node-koa2\node_modules\_mysql@2.16.0@mysql\lib\protocol\Protocol.js:38:16)
    at Socket.<anonymous> (G:\node\node-koa2\node_modules\_mysql@2.16.0@mysql\lib\Connection.js:91:28)
    at Socket.<anonymous> (G:\node\node-koa2\node_modules\_mysql@2.16.0@mysql\lib\Connection.js:502:10)
    at emitOne (events.js:116:13)
    at Socket.emit (events.js:211:7)
    at addChunk (_stream_readable.js:263:12)
    at readableAddChunk (_stream_readable.js:250:11)
    at Socket.Readable.push (_stream_readable.js:208:10)
    at TCP.onread (net.js:601:20)
    --------------------
    at Pool.query (G:\node\node-koa2\node_modules\_mysql@2.16.0@mysql\lib\Pool.js:199:23)
    at MysqlStore.<anonymous> (G:\node\node-koa2\node_modules\_co-mysql@0.4.1@co-mysql\index.js:10:10)
    at next (G:\node\node-koa2\node_modules\_co@3.1.0@co\index.js:90:21)
    at MysqlStore.<anonymous> (G:\node\node-koa2\node_modules\_co@3.1.0@co\index.js:45:5)
    at new MysqlStore (G:\node\node-koa2\node_modules\_koa-mysql-session@0.0.2@koa-mysql-session\index.js:50:8)
    at Object.<anonymous> (G:\node\node-koa2\app.js:12:14)
    at Module._compile (module.js:653:30)
    at Object.Module._extensions..js (module.js:664:10)
    at Module.load (module.js:566:32)
    at tryModuleLoad (module.js:506:12)
    at Function.Module._load (module.js:498:3)
    at Module.require (module.js:597:17)
    at require (internal/module.js:11:18)
    at Object.<anonymous> (G:\node\node-koa2\bin\www:7:11)
    at Module._compile (module.js:653:30)
    at Object.Module._extensions..js (module.js:664:10)
Error: ER_NO_DB_ERROR: No database selected
    at Query.Sequence._packetToError (G:\node\node-koa2\node_modules\_mysql@2.16.0@mysql\lib\protocol\sequences\Sequence.js:47:14)
    at Query.ErrorPacket (G:\node\node-koa2\node_modules\_mysql@2.16.0@mysql\lib\protocol\sequences\Query.js:77:18)
    at Protocol._parsePacket (G:\node\node-koa2\node_modules\_mysql@2.16.0@mysql\lib\protocol\Protocol.js:278:23)
    at Parser.write (G:\node\node-koa2\node_modules\_mysql@2.16.0@mysql\lib\protocol\Parser.js:76:12)
    at Protocol.write (G:\node\node-koa2\node_modules\_mysql@2.16.0@mysql\lib\protocol\Protocol.js:38:16)
    at Socket.<anonymous> (G:\node\node-koa2\node_modules\_mysql@2.16.0@mysql\lib\Connection.js:91:28)
    at Socket.<anonymous> (G:\node\node-koa2\node_modules\_mysql@2.16.0@mysql\lib\Connection.js:502:10)
    at emitOne (events.js:116:13)
    at Socket.emit (events.js:211:7)
    at addChunk (_stream_readable.js:263:12)
    at readableAddChunk (_stream_readable.js:250:11)
    at Socket.Readable.push (_stream_readable.js:208:10)
    at TCP.onread (net.js:601:20)
    --------------------
    at Pool.query (G:\node\node-koa2\node_modules\_mysql@2.16.0@mysql\lib\Pool.js:199:23)
    at MysqlStore.<anonymous> (G:\node\node-koa2\node_modules\_co-mysql@0.4.1@co-mysql\index.js:10:10)
    at next (G:\node\node-koa2\node_modules\_co@3.1.0@co\index.js:90:21)
    at MysqlStore.<anonymous> (G:\node\node-koa2\node_modules\_co@3.1.0@co\index.js:45:5)
    at new MysqlStore (G:\node\node-koa2\node_modules\_koa-mysql-session@0.0.2@koa-mysql-session\index.js:50:8)
    at Object.<anonymous> (G:\node\node-koa2\app.js:12:14)
    at Module._compile (module.js:653:30)
    at Object.Module._extensions..js (module.js:664:10)
    at Module.load (module.js:566:32)
    at tryModuleLoad (module.js:506:12)
    at Function.Module._load (module.js:498:3)
    at Module.require (module.js:597:17)
    at require (internal/module.js:11:18)
    at Object.<anonymous> (G:\node\node-koa2\bin\www:7:11)
    at Module._compile (module.js:653:30)
    at Object.Module._extensions..js (module.js:664:10)
Error: ER_NO_DB_ERROR: No database selected
    at Query.Sequence._packetToError (G:\node\node-koa2\node_modules\_mysql@2.16.0@mysql\lib\protocol\sequences\Sequence.js:47:14)
    at Query.ErrorPacket (G:\node\node-koa2\node_modules\_mysql@2.16.0@mysql\lib\protocol\sequences\Query.js:77:18)
    at Protocol._parsePacket (G:\node\node-koa2\node_modules\_mysql@2.16.0@mysql\lib\protocol\Protocol.js:278:23)
    at Parser.write (G:\node\node-koa2\node_modules\_mysql@2.16.0@mysql\lib\protocol\Parser.js:76:12)
    at Protocol.write (G:\node\node-koa2\node_modules\_mysql@2.16.0@mysql\lib\protocol\Protocol.js:38:16)
    at Socket.<anonymous> (G:\node\node-koa2\node_modules\_mysql@2.16.0@mysql\lib\Connection.js:91:28)
    at Socket.<anonymous> (G:\node\node-koa2\node_modules\_mysql@2.16.0@mysql\lib\Connection.js:502:10)
    at emitOne (events.js:116:13)
    at Socket.emit (events.js:211:7)
    at addChunk (_stream_readable.js:263:12)
    at readableAddChunk (_stream_readable.js:250:11)
    at Socket.Readable.push (_stream_readable.js:208:10)
    at TCP.onread (net.js:601:20)
    --------------------
    at Pool.query (G:\node\node-koa2\node_modules\_mysql@2.16.0@mysql\lib\Pool.js:199:23)
    at MysqlStore.<anonymous> (G:\node\node-koa2\node_modules\_co-mysql@0.4.1@co-mysql\index.js:10:10)
    at next (G:\node\node-koa2\node_modules\_co@3.1.0@co\index.js:90:21)
    at MysqlStore.<anonymous> (G:\node\node-koa2\node_modules\_co@3.1.0@co\index.js:45:5)
    at new MysqlStore (G:\node\node-koa2\node_modules\_koa-mysql-session@0.0.2@koa-mysql-session\index.js:50:8)
    at Object.<anonymous> (G:\node\node-koa2\app.js:12:14)
    at Module._compile (module.js:653:30)
    at Object.Module._extensions..js (module.js:664:10)
    at Module.load (module.js:566:32)
    at tryModuleLoad (module.js:506:12)
    at Function.Module._load (module.js:498:3)
    at Module.require (module.js:597:17)
    at require (internal/module.js:11:18)
    at Object.<anonymous> (G:\node\node-koa2\bin\www:7:11)
    at Module._compile (module.js:653:30)
    at Object.Module._extensions..js (module.js:664:10)
Error: ER_NO_DB_ERROR: No database selected
    at Query.Sequence._packetToError (G:\node\node-koa2\node_modules\_mysql@2.16.0@mysql\lib\protocol\sequences\Sequence.js:47:14)
    at Query.ErrorPacket (G:\node\node-koa2\node_modules\_mysql@2.16.0@mysql\lib\protocol\sequences\Query.js:77:18)
    at Protocol._parsePacket (G:\node\node-koa2\node_modules\_mysql@2.16.0@mysql\lib\protocol\Protocol.js:278:23)
    at Parser.write (G:\node\node-koa2\node_modules\_mysql@2.16.0@mysql\lib\protocol\Parser.js:76:12)
    at Protocol.write (G:\node\node-koa2\node_modules\_mysql@2.16.0@mysql\lib\protocol\Protocol.js:38:16)
    at Socket.<anonymous> (G:\node\node-koa2\node_modules\_mysql@2.16.0@mysql\lib\Connection.js:91:28)
    at Socket.<anonymous> (G:\node\node-koa2\node_modules\_mysql@2.16.0@mysql\lib\Connection.js:502:10)
    at emitOne (events.js:116:13)
    at Socket.emit (events.js:211:7)
    at addChunk (_stream_readable.js:263:12)
    at readableAddChunk (_stream_readable.js:250:11)
    at Socket.Readable.push (_stream_readable.js:208:10)
    at TCP.onread (net.js:601:20)
    --------------------
    at Pool.query (G:\node\node-koa2\node_modules\_mysql@2.16.0@mysql\lib\Pool.js:199:23)
    at MysqlStore.<anonymous> (G:\node\node-koa2\node_modules\_co-mysql@0.4.1@co-mysql\index.js:10:10)
    at next (G:\node\node-koa2\node_modules\_co@3.1.0@co\index.js:90:21)
    at MysqlStore.<anonymous> (G:\node\node-koa2\node_modules\_co@3.1.0@co\index.js:45:5)
    at new MysqlStore (G:\node\node-koa2\node_modules\_koa-mysql-session@0.0.2@koa-mysql-session\index.js:50:8)
    at Object.<anonymous> (G:\node\node-koa2\app.js:12:14)
    at Module._compile (module.js:653:30)
    at Object.Module._extensions..js (module.js:664:10)
    at Module.load (module.js:566:32)
    at tryModuleLoad (module.js:506:12)
    at Function.Module._load (module.js:498:3)
    at Module.require (module.js:597:17)
    at require (internal/module.js:11:18)
    at Object.<anonymous> (G:\node\node-koa2\bin\www:7:11)
    at Module._compile (module.js:653:30)
    at Object.Module._extensions..js (module.js:664:10)
Error: ER_NO_DB_ERROR: No database selected
    at Query.Sequence._packetToError (G:\node\node-koa2\node_modules\_mysql@2.16.0@mysql\lib\protocol\sequences\Sequence.js:47:14)
    at Query.ErrorPacket (G:\node\node-koa2\node_modules\_mysql@2.16.0@mysql\lib\protocol\sequences\Query.js:77:18)
    at Protocol._parsePacket (G:\node\node-koa2\node_modules\_mysql@2.16.0@mysql\lib\protocol\Protocol.js:278:23)
    at Parser.write (G:\node\node-koa2\node_modules\_mysql@2.16.0@mysql\lib\protocol\Parser.js:76:12)
    at Protocol.write (G:\node\node-koa2\node_modules\_mysql@2.16.0@mysql\lib\protocol\Protocol.js:38:16)
    at Socket.<anonymous> (G:\node\node-koa2\node_modules\_mysql@2.16.0@mysql\lib\Connection.js:91:28)
    at Socket.<anonymous> (G:\node\node-koa2\node_modules\_mysql@2.16.0@mysql\lib\Connection.js:502:10)
    at emitOne (events.js:116:13)
    at Socket.emit (events.js:211:7)
    at addChunk (_stream_readable.js:263:12)
    at readableAddChunk (_stream_readable.js:250:11)
    at Socket.Readable.push (_stream_readable.js:208:10)
    at TCP.onread (net.js:601:20)
    --------------------
    at Pool.query (G:\node\node-koa2\node_modules\_mysql@2.16.0@mysql\lib\Pool.js:199:23)
    at MysqlStore.<anonymous> (G:\node\node-koa2\node_modules\_co-mysql@0.4.1@co-mysql\index.js:10:10)
    at next (G:\node\node-koa2\node_modules\_co@3.1.0@co\index.js:90:21)
    at MysqlStore.<anonymous> (G:\node\node-koa2\node_modules\_co@3.1.0@co\index.js:45:5)
    at new MysqlStore (G:\node\node-koa2\node_modules\_koa-mysql-session@0.0.2@koa-mysql-session\index.js:50:8)
    at Object.<anonymous> (G:\node\node-koa2\app.js:12:14)
    at Module._compile (module.js:653:30)
    at Object.Module._extensions..js (module.js:664:10)
    at Module.load (module.js:566:32)
    at tryModuleLoad (module.js:506:12)
    at Function.Module._load (module.js:498:3)
    at Module.require (module.js:597:17)
    at require (internal/module.js:11:18)
    at Object.<anonymous> (G:\node\node-koa2\bin\www:7:11)
    at Module._compile (module.js:653:30)
    at Object.Module._extensions..js (module.js:664:10)
Error: ER_NO_DB_ERROR: No database selected
    at Query.Sequence._packetToError (G:\node\node-koa2\node_modules\_mysql@2.16.0@mysql\lib\protocol\sequences\Sequence.js:47:14)
    at Query.ErrorPacket (G:\node\node-koa2\node_modules\_mysql@2.16.0@mysql\lib\protocol\sequences\Query.js:77:18)
    at Protocol._parsePacket (G:\node\node-koa2\node_modules\_mysql@2.16.0@mysql\lib\protocol\Protocol.js:278:23)
    at Parser.write (G:\node\node-koa2\node_modules\_mysql@2.16.0@mysql\lib\protocol\Parser.js:76:12)
    at Protocol.write (G:\node\node-koa2\node_modules\_mysql@2.16.0@mysql\lib\protocol\Protocol.js:38:16)
    at Socket.<anonymous> (G:\node\node-koa2\node_modules\_mysql@2.16.0@mysql\lib\Connection.js:91:28)
    at Socket.<anonymous> (G:\node\node-koa2\node_modules\_mysql@2.16.0@mysql\lib\Connection.js:502:10)
    at emitOne (events.js:116:13)
    at Socket.emit (events.js:211:7)
    at addChunk (_stream_readable.js:263:12)
    at readableAddChunk (_stream_readable.js:250:11)
    at Socket.Readable.push (_stream_readable.js:208:10)
    at TCP.onread (net.js:601:20)
    --------------------
    at Pool.query (G:\node\node-koa2\node_modules\_mysql@2.16.0@mysql\lib\Pool.js:199:23)
    at MysqlStore.<anonymous> (G:\node\node-koa2\node_modules\_co-mysql@0.4.1@co-mysql\index.js:10:10)
    at next (G:\node\node-koa2\node_modules\_co@3.1.0@co\index.js:90:21)
    at MysqlStore.<anonymous> (G:\node\node-koa2\node_modules\_co@3.1.0@co\index.js:45:5)
    at new MysqlStore (G:\node\node-koa2\node_modules\_koa-mysql-session@0.0.2@koa-mysql-session\index.js:50:8)
    at Object.<anonymous> (G:\node\node-koa2\app.js:12:14)
    at Module._compile (module.js:653:30)
    at Object.Module._extensions..js (module.js:664:10)
    at Module.load (module.js:566:32)
    at tryModuleLoad (module.js:506:12)
    at Function.Module._load (module.js:498:3)
    at Module.require (module.js:597:17)
    at require (internal/module.js:11:18)
    at Object.<anonymous> (G:\node\node-koa2\bin\www:7:11)
    at Module._compile (module.js:653:30)
    at Object.Module._extensions..js (module.js:664:10)
Error: ER_NO_DB_ERROR: No database selected
    at Query.Sequence._packetToError (G:\node\node-koa2\node_modules\_mysql@2.16.0@mysql\lib\protocol\sequences\Sequence.js:47:14)
    at Query.ErrorPacket (G:\node\node-koa2\node_modules\_mysql@2.16.0@mysql\lib\protocol\sequences\Query.js:77:18)
    at Protocol._parsePacket (G:\node\node-koa2\node_modules\_mysql@2.16.0@mysql\lib\protocol\Protocol.js:278:23)
    at Parser.write (G:\node\node-koa2\node_modules\_mysql@2.16.0@mysql\lib\protocol\Parser.js:76:12)
    at Protocol.write (G:\node\node-koa2\node_modules\_mysql@2.16.0@mysql\lib\protocol\Protocol.js:38:16)
    at Socket.<anonymous> (G:\node\node-koa2\node_modules\_mysql@2.16.0@mysql\lib\Connection.js:91:28)
    at Socket.<anonymous> (G:\node\node-koa2\node_modules\_mysql@2.16.0@mysql\lib\Connection.js:502:10)
    at emitOne (events.js:116:13)
    at Socket.emit (events.js:211:7)
    at addChunk (_stream_readable.js:263:12)
    at readableAddChunk (_stream_readable.js:250:11)
    at Socket.Readable.push (_stream_readable.js:208:10)
    at TCP.onread (net.js:601:20)
    --------------------
    at Pool.query (G:\node\node-koa2\node_modules\_mysql@2.16.0@mysql\lib\Pool.js:199:23)
    at MysqlStore.<anonymous> (G:\node\node-koa2\node_modules\_co-mysql@0.4.1@co-mysql\index.js:10:10)
    at next (G:\node\node-koa2\node_modules\_co@3.1.0@co\index.js:90:21)
    at MysqlStore.<anonymous> (G:\node\node-koa2\node_modules\_co@3.1.0@co\index.js:45:5)
    at new MysqlStore (G:\node\node-koa2\node_modules\_koa-mysql-session@0.0.2@koa-mysql-session\index.js:50:8)
    at Object.<anonymous> (G:\node\node-koa2\app.js:12:14)
    at Module._compile (module.js:653:30)
    at Object.Module._extensions..js (module.js:664:10)
    at Module.load (module.js:566:32)
    at tryModuleLoad (module.js:506:12)
    at Function.Module._load (module.js:498:3)
    at Module.require (module.js:597:17)
    at require (internal/module.js:11:18)
    at Object.<anonymous> (G:\node\node-koa2\bin\www:7:11)
    at Module._compile (module.js:653:30)
    at Object.Module._extensions..js (module.js:664:10)
Error: ER_NO_DB_ERROR: No database selected
    at Query.Sequence._packetToError (G:\node\node-koa2\node_modules\_mysql@2.16.0@mysql\lib\protocol\sequences\Sequence.js:47:14)
    at Query.ErrorPacket (G:\node\node-koa2\node_modules\_mysql@2.16.0@mysql\lib\protocol\sequences\Query.js:77:18)
    at Protocol._parsePacket (G:\node\node-koa2\node_modules\_mysql@2.16.0@mysql\lib\protocol\Protocol.js:278:23)
    at Parser.write (G:\node\node-koa2\node_modules\_mysql@2.16.0@mysql\lib\protocol\Parser.js:76:12)
    at Protocol.write (G:\node\node-koa2\node_modules\_mysql@2.16.0@mysql\lib\protocol\Protocol.js:38:16)
    at Socket.<anonymous> (G:\node\node-koa2\node_modules\_mysql@2.16.0@mysql\lib\Connection.js:91:28)
    at Socket.<anonymous> (G:\node\node-koa2\node_modules\_mysql@2.16.0@mysql\lib\Connection.js:502:10)
    at emitOne (events.js:116:13)
    at Socket.emit (events.js:211:7)
    at addChunk (_stream_readable.js:263:12)
    at readableAddChunk (_stream_readable.js:250:11)
    at Socket.Readable.push (_stream_readable.js:208:10)
    at TCP.onread (net.js:601:20)
    --------------------
    at Pool.query (G:\node\node-koa2\node_modules\_mysql@2.16.0@mysql\lib\Pool.js:199:23)
    at MysqlStore.<anonymous> (G:\node\node-koa2\node_modules\_co-mysql@0.4.1@co-mysql\index.js:10:10)
    at next (G:\node\node-koa2\node_modules\_co@3.1.0@co\index.js:90:21)
    at MysqlStore.<anonymous> (G:\node\node-koa2\node_modules\_co@3.1.0@co\index.js:45:5)
    at new MysqlStore (G:\node\node-koa2\node_modules\_koa-mysql-session@0.0.2@koa-mysql-session\index.js:50:8)
    at Object.<anonymous> (G:\node\node-koa2\app.js:12:14)
    at Module._compile (module.js:653:30)
    at Object.Module._extensions..js (module.js:664:10)
    at Module.load (module.js:566:32)
    at tryModuleLoad (module.js:506:12)
    at Function.Module._load (module.js:498:3)
    at Module.require (module.js:597:17)
    at require (internal/module.js:11:18)
    at Object.<anonymous> (G:\node\node-koa2\bin\www:7:11)
    at Module._compile (module.js:653:30)
    at Object.Module._extensions..js (module.js:664:10)
Error: ER_NO_DB_ERROR: No database selected
    at Query.Sequence._packetToError (G:\node\node-koa2\node_modules\_mysql@2.16.0@mysql\lib\protocol\sequences\Sequence.js:47:14)
    at Query.ErrorPacket (G:\node\node-koa2\node_modules\_mysql@2.16.0@mysql\lib\protocol\sequences\Query.js:77:18)
    at Protocol._parsePacket (G:\node\node-koa2\node_modules\_mysql@2.16.0@mysql\lib\protocol\Protocol.js:278:23)
    at Parser.write (G:\node\node-koa2\node_modules\_mysql@2.16.0@mysql\lib\protocol\Parser.js:76:12)
    at Protocol.write (G:\node\node-koa2\node_modules\_mysql@2.16.0@mysql\lib\protocol\Protocol.js:38:16)
    at Socket.<anonymous> (G:\node\node-koa2\node_modules\_mysql@2.16.0@mysql\lib\Connection.js:91:28)
    at Socket.<anonymous> (G:\node\node-koa2\node_modules\_mysql@2.16.0@mysql\lib\Connection.js:502:10)
    at emitOne (events.js:116:13)
    at Socket.emit (events.js:211:7)
    at addChunk (_stream_readable.js:263:12)
    at readableAddChunk (_stream_readable.js:250:11)
    at Socket.Readable.push (_stream_readable.js:208:10)
    at TCP.onread (net.js:601:20)
    --------------------
    at Pool.query (G:\node\node-koa2\node_modules\_mysql@2.16.0@mysql\lib\Pool.js:199:23)
    at MysqlStore.<anonymous> (G:\node\node-koa2\node_modules\_co-mysql@0.4.1@co-mysql\index.js:10:10)
    at next (G:\node\node-koa2\node_modules\_co@3.1.0@co\index.js:90:21)
    at MysqlStore.<anonymous> (G:\node\node-koa2\node_modules\_co@3.1.0@co\index.js:45:5)
    at new MysqlStore (G:\node\node-koa2\node_modules\_koa-mysql-session@0.0.2@koa-mysql-session\index.js:50:8)
    at Object.<anonymous> (G:\node\node-koa2\app.js:12:14)
    at Module._compile (module.js:653:30)
    at Object.Module._extensions..js (module.js:664:10)
    at Module.load (module.js:566:32)
    at tryModuleLoad (module.js:506:12)
    at Function.Module._load (module.js:498:3)
    at Module.require (module.js:597:17)
    at require (internal/module.js:11:18)
    at Object.<anonymous> (G:\node\node-koa2\bin\www:7:11)
    at Module._compile (module.js:653:30)
    at Object.Module._extensions..js (module.js:664:10)
Error: ER_NO_DB_ERROR: No database selected
    at Query.Sequence._packetToError (G:\node\node-koa2\node_modules\_mysql@2.16.0@mysql\lib\protocol\sequences\Sequence.js:47:14)
    at Query.ErrorPacket (G:\node\node-koa2\node_modules\_mysql@2.16.0@mysql\lib\protocol\sequences\Query.js:77:18)
    at Protocol._parsePacket (G:\node\node-koa2\node_modules\_mysql@2.16.0@mysql\lib\protocol\Protocol.js:278:23)
    at Parser.write (G:\node\node-koa2\node_modules\_mysql@2.16.0@mysql\lib\protocol\Parser.js:76:12)
    at Protocol.write (G:\node\node-koa2\node_modules\_mysql@2.16.0@mysql\lib\protocol\Protocol.js:38:16)
    at Socket.<anonymous> (G:\node\node-koa2\node_modules\_mysql@2.16.0@mysql\lib\Connection.js:91:28)
    at Socket.<anonymous> (G:\node\node-koa2\node_modules\_mysql@2.16.0@mysql\lib\Connection.js:502:10)
    at emitOne (events.js:116:13)
    at Socket.emit (events.js:211:7)
    at addChunk (_stream_readable.js:263:12)
    at readableAddChunk (_stream_readable.js:250:11)
    at Socket.Readable.push (_stream_readable.js:208:10)
    at TCP.onread (net.js:601:20)
    --------------------
    at Pool.query (G:\node\node-koa2\node_modules\_mysql@2.16.0@mysql\lib\Pool.js:199:23)
    at MysqlStore.<anonymous> (G:\node\node-koa2\node_modules\_co-mysql@0.4.1@co-mysql\index.js:10:10)
    at next (G:\node\node-koa2\node_modules\_co@3.1.0@co\index.js:90:21)
    at MysqlStore.<anonymous> (G:\node\node-koa2\node_modules\_co@3.1.0@co\index.js:45:5)
    at new MysqlStore (G:\node\node-koa2\node_modules\_koa-mysql-session@0.0.2@koa-mysql-session\index.js:50:8)
    at Object.<anonymous> (G:\node\node-koa2\app.js:12:14)
    at Module._compile (module.js:653:30)
    at Object.Module._extensions..js (module.js:664:10)
    at Module.load (module.js:566:32)
    at tryModuleLoad (module.js:506:12)
    at Function.Module._load (module.js:498:3)
    at Module.require (module.js:597:17)
    at require (internal/module.js:11:18)
    at Object.<anonymous> (G:\node\node-koa2\bin\www:7:11)
    at Module._compile (module.js:653:30)
    at Object.Module._extensions..js (module.js:664:10)
Error: ER_NO_DB_ERROR: No database selected
    at Query.Sequence._packetToError (G:\node\node-koa2\node_modules\_mysql@2.16.0@mysql\lib\protocol\sequences\Sequence.js:47:14)
    at Query.ErrorPacket (G:\node\node-koa2\node_modules\_mysql@2.16.0@mysql\lib\protocol\sequences\Query.js:77:18)
    at Protocol._parsePacket (G:\node\node-koa2\node_modules\_mysql@2.16.0@mysql\lib\protocol\Protocol.js:278:23)
    at Parser.write (G:\node\node-koa2\node_modules\_mysql@2.16.0@mysql\lib\protocol\Parser.js:76:12)
    at Protocol.write (G:\node\node-koa2\node_modules\_mysql@2.16.0@mysql\lib\protocol\Protocol.js:38:16)
    at Socket.<anonymous> (G:\node\node-koa2\node_modules\_mysql@2.16.0@mysql\lib\Connection.js:91:28)
    at Socket.<anonymous> (G:\node\node-koa2\node_modules\_mysql@2.16.0@mysql\lib\Connection.js:502:10)
    at emitOne (events.js:116:13)
    at Socket.emit (events.js:211:7)
    at addChunk (_stream_readable.js:263:12)
    at readableAddChunk (_stream_readable.js:250:11)
    at Socket.Readable.push (_stream_readable.js:208:10)
    at TCP.onread (net.js:601:20)
    --------------------
    at Pool.query (G:\node\node-koa2\node_modules\_mysql@2.16.0@mysql\lib\Pool.js:199:23)
    at MysqlStore.<anonymous> (G:\node\node-koa2\node_modules\_co-mysql@0.4.1@co-mysql\index.js:10:10)
    at next (G:\node\node-koa2\node_modules\_co@3.1.0@co\index.js:90:21)
    at MysqlStore.<anonymous> (G:\node\node-koa2\node_modules\_co@3.1.0@co\index.js:45:5)
    at new MysqlStore (G:\node\node-koa2\node_modules\_koa-mysql-session@0.0.2@koa-mysql-session\index.js:50:8)
    at Object.<anonymous> (G:\node\node-koa2\app.js:12:14)
    at Module._compile (module.js:653:30)
    at Object.Module._extensions..js (module.js:664:10)
    at Module.load (module.js:566:32)
    at tryModuleLoad (module.js:506:12)
    at Function.Module._load (module.js:498:3)
    at Module.require (module.js:597:17)
    at require (internal/module.js:11:18)
    at Object.<anonymous> (G:\node\node-koa2\bin\www:7:11)
    at Module._compile (module.js:653:30)
    at Object.Module._extensions..js (module.js:664:10)
Error: ER_NO_DB_ERROR: No database selected
    at Query.Sequence._packetToError (G:\node\node-koa2\node_modules\_mysql@2.16.0@mysql\lib\protocol\sequences\Sequence.js:47:14)
    at Query.ErrorPacket (G:\node\node-koa2\node_modules\_mysql@2.16.0@mysql\lib\protocol\sequences\Query.js:77:18)
    at Protocol._parsePacket (G:\node\node-koa2\node_modules\_mysql@2.16.0@mysql\lib\protocol\Protocol.js:278:23)
    at Parser.write (G:\node\node-koa2\node_modules\_mysql@2.16.0@mysql\lib\protocol\Parser.js:76:12)
    at Protocol.write (G:\node\node-koa2\node_modules\_mysql@2.16.0@mysql\lib\protocol\Protocol.js:38:16)
    at Socket.<anonymous> (G:\node\node-koa2\node_modules\_mysql@2.16.0@mysql\lib\Connection.js:91:28)
    at Socket.<anonymous> (G:\node\node-koa2\node_modules\_mysql@2.16.0@mysql\lib\Connection.js:502:10)
    at emitOne (events.js:116:13)
    at Socket.emit (events.js:211:7)
    at addChunk (_stream_readable.js:263:12)
    at readableAddChunk (_stream_readable.js:250:11)
    at Socket.Readable.push (_stream_readable.js:208:10)
    at TCP.onread (net.js:601:20)
    --------------------
    at Pool.query (G:\node\node-koa2\node_modules\_mysql@2.16.0@mysql\lib\Pool.js:199:23)
    at MysqlStore.<anonymous> (G:\node\node-koa2\node_modules\_co-mysql@0.4.1@co-mysql\index.js:10:10)
    at next (G:\node\node-koa2\node_modules\_co@3.1.0@co\index.js:90:21)
    at MysqlStore.<anonymous> (G:\node\node-koa2\node_modules\_co@3.1.0@co\index.js:45:5)
    at new MysqlStore (G:\node\node-koa2\node_modules\_koa-mysql-session@0.0.2@koa-mysql-session\index.js:50:8)
    at Object.<anonymous> (G:\node\node-koa2\app.js:12:14)
    at Module._compile (module.js:653:30)
    at Object.Module._extensions..js (module.js:664:10)
    at Module.load (module.js:566:32)
    at tryModuleLoad (module.js:506:12)
    at Function.Module._load (module.js:498:3)
    at Module.require (module.js:597:17)
    at require (internal/module.js:11:18)
    at Object.<anonymous> (G:\node\node-koa2\bin\www:7:11)
    at Module._compile (module.js:653:30)
    at Object.Module._extensions..js (module.js:664:10)
Error: ER_NO_DB_ERROR: No database selected
    at Query.Sequence._packetToError (G:\node\node-koa2\node_modules\_mysql@2.16.0@mysql\lib\protocol\sequences\Sequence.js:47:14)
    at Query.ErrorPacket (G:\node\node-koa2\node_modules\_mysql@2.16.0@mysql\lib\protocol\sequences\Query.js:77:18)
    at Protocol._parsePacket (G:\node\node-koa2\node_modules\_mysql@2.16.0@mysql\lib\protocol\Protocol.js:278:23)
    at Parser.write (G:\node\node-koa2\node_modules\_mysql@2.16.0@mysql\lib\protocol\Parser.js:76:12)
    at Protocol.write (G:\node\node-koa2\node_modules\_mysql@2.16.0@mysql\lib\protocol\Protocol.js:38:16)
    at Socket.<anonymous> (G:\node\node-koa2\node_modules\_mysql@2.16.0@mysql\lib\Connection.js:91:28)
    at Socket.<anonymous> (G:\node\node-koa2\node_modules\_mysql@2.16.0@mysql\lib\Connection.js:502:10)
    at emitOne (events.js:116:13)
    at Socket.emit (events.js:211:7)
    at addChunk (_stream_readable.js:263:12)
    at readableAddChunk (_stream_readable.js:250:11)
    at Socket.Readable.push (_stream_readable.js:208:10)
    at TCP.onread (net.js:601:20)
    --------------------
    at Pool.query (G:\node\node-koa2\node_modules\_mysql@2.16.0@mysql\lib\Pool.js:199:23)
    at MysqlStore.<anonymous> (G:\node\node-koa2\node_modules\_co-mysql@0.4.1@co-mysql\index.js:10:10)
    at next (G:\node\node-koa2\node_modules\_co@3.1.0@co\index.js:90:21)
    at MysqlStore.<anonymous> (G:\node\node-koa2\node_modules\_co@3.1.0@co\index.js:45:5)
    at new MysqlStore (G:\node\node-koa2\node_modules\_koa-mysql-session@0.0.2@koa-mysql-session\index.js:50:8)
    at Object.<anonymous> (G:\node\node-koa2\app.js:12:14)
    at Module._compile (module.js:653:30)
    at Object.Module._extensions..js (module.js:664:10)
    at Module.load (module.js:566:32)
    at tryModuleLoad (module.js:506:12)
    at Function.Module._load (module.js:498:3)
    at Module.require (module.js:597:17)
    at require (internal/module.js:11:18)
    at Object.<anonymous> (G:\node\node-koa2\bin\www:7:11)
    at Module._compile (module.js:653:30)
    at Object.Module._extensions..js (module.js:664:10)
Error: ER_NO_DB_ERROR: No database selected
    at Query.Sequence._packetToError (G:\node\node-koa2\node_modules\_mysql@2.16.0@mysql\lib\protocol\sequences\Sequence.js:47:14)
    at Query.ErrorPacket (G:\node\node-koa2\node_modules\_mysql@2.16.0@mysql\lib\protocol\sequences\Query.js:77:18)
    at Protocol._parsePacket (G:\node\node-koa2\node_modules\_mysql@2.16.0@mysql\lib\protocol\Protocol.js:278:23)
    at Parser.write (G:\node\node-koa2\node_modules\_mysql@2.16.0@mysql\lib\protocol\Parser.js:76:12)
    at Protocol.write (G:\node\node-koa2\node_modules\_mysql@2.16.0@mysql\lib\protocol\Protocol.js:38:16)
    at Socket.<anonymous> (G:\node\node-koa2\node_modules\_mysql@2.16.0@mysql\lib\Connection.js:91:28)
    at Socket.<anonymous> (G:\node\node-koa2\node_modules\_mysql@2.16.0@mysql\lib\Connection.js:502:10)
    at emitOne (events.js:116:13)
    at Socket.emit (events.js:211:7)
    at addChunk (_stream_readable.js:263:12)
    at readableAddChunk (_stream_readable.js:250:11)
    at Socket.Readable.push (_stream_readable.js:208:10)
    at TCP.onread (net.js:601:20)
    --------------------
    at Pool.query (G:\node\node-koa2\node_modules\_mysql@2.16.0@mysql\lib\Pool.js:199:23)
    at MysqlStore.<anonymous> (G:\node\node-koa2\node_modules\_co-mysql@0.4.1@co-mysql\index.js:10:10)
    at next (G:\node\node-koa2\node_modules\_co@3.1.0@co\index.js:90:21)
    at MysqlStore.<anonymous> (G:\node\node-koa2\node_modules\_co@3.1.0@co\index.js:45:5)
    at new MysqlStore (G:\node\node-koa2\node_modules\_koa-mysql-session@0.0.2@koa-mysql-session\index.js:50:8)
    at Object.<anonymous> (G:\node\node-koa2\app.js:12:14)
    at Module._compile (module.js:653:30)
    at Object.Module._extensions..js (module.js:664:10)
    at Module.load (module.js:566:32)
    at tryModuleLoad (module.js:506:12)
    at Function.Module._load (module.js:498:3)
    at Module.require (module.js:597:17)
    at require (internal/module.js:11:18)
    at Object.<anonymous> (G:\node\node-koa2\bin\www:7:11)
    at Module._compile (module.js:653:30)
    at Object.Module._extensions..js (module.js:664:10)
Error: ER_NO_DB_ERROR: No database selected
    at Query.Sequence._packetToError (G:\node\node-koa2\node_modules\_mysql@2.16.0@mysql\lib\protocol\sequences\Sequence.js:47:14)
    at Query.ErrorPacket (G:\node\node-koa2\node_modules\_mysql@2.16.0@mysql\lib\protocol\sequences\Query.js:77:18)
    at Protocol._parsePacket (G:\node\node-koa2\node_modules\_mysql@2.16.0@mysql\lib\protocol\Protocol.js:278:23)
    at Parser.write (G:\node\node-koa2\node_modules\_mysql@2.16.0@mysql\lib\protocol\Parser.js:76:12)
    at Protocol.write (G:\node\node-koa2\node_modules\_mysql@2.16.0@mysql\lib\protocol\Protocol.js:38:16)
    at Socket.<anonymous> (G:\node\node-koa2\node_modules\_mysql@2.16.0@mysql\lib\Connection.js:91:28)
    at Socket.<anonymous> (G:\node\node-koa2\node_modules\_mysql@2.16.0@mysql\lib\Connection.js:502:10)
    at emitOne (events.js:116:13)
    at Socket.emit (events.js:211:7)
    at addChunk (_stream_readable.js:263:12)
    at readableAddChunk (_stream_readable.js:250:11)
    at Socket.Readable.push (_stream_readable.js:208:10)
    at TCP.onread (net.js:601:20)
    --------------------
    at Pool.query (G:\node\node-koa2\node_modules\_mysql@2.16.0@mysql\lib\Pool.js:199:23)
    at MysqlStore.<anonymous> (G:\node\node-koa2\node_modules\_co-mysql@0.4.1@co-mysql\index.js:10:10)
    at next (G:\node\node-koa2\node_modules\_co@3.1.0@co\index.js:90:21)
    at MysqlStore.<anonymous> (G:\node\node-koa2\node_modules\_co@3.1.0@co\index.js:45:5)
    at new MysqlStore (G:\node\node-koa2\node_modules\_koa-mysql-session@0.0.2@koa-mysql-session\index.js:50:8)
    at Object.<anonymous> (G:\node\node-koa2\app.js:12:14)
    at Module._compile (module.js:653:30)
    at Object.Module._extensions..js (module.js:664:10)
    at Module.load (module.js:566:32)
    at tryModuleLoad (module.js:506:12)
    at Function.Module._load (module.js:498:3)
    at Module.require (module.js:597:17)
    at require (internal/module.js:11:18)
    at Object.<anonymous> (G:\node\node-koa2\bin\www:7:11)
    at Module._compile (module.js:653:30)
    at Object.Module._extensions..js (module.js:664:10)
Error: ER_NO_DB_ERROR: No database selected
    at Query.Sequence._packetToError (G:\node\node-koa2\node_modules\_mysql@2.16.0@mysql\lib\protocol\sequences\Sequence.js:47:14)
    at Query.ErrorPacket (G:\node\node-koa2\node_modules\_mysql@2.16.0@mysql\lib\protocol\sequences\Query.js:77:18)
    at Protocol._parsePacket (G:\node\node-koa2\node_modules\_mysql@2.16.0@mysql\lib\protocol\Protocol.js:278:23)
    at Parser.write (G:\node\node-koa2\node_modules\_mysql@2.16.0@mysql\lib\protocol\Parser.js:76:12)
    at Protocol.write (G:\node\node-koa2\node_modules\_mysql@2.16.0@mysql\lib\protocol\Protocol.js:38:16)
    at Socket.<anonymous> (G:\node\node-koa2\node_modules\_mysql@2.16.0@mysql\lib\Connection.js:91:28)
    at Socket.<anonymous> (G:\node\node-koa2\node_modules\_mysql@2.16.0@mysql\lib\Connection.js:502:10)
    at emitOne (events.js:116:13)
    at Socket.emit (events.js:211:7)
    at addChunk (_stream_readable.js:263:12)
    at readableAddChunk (_stream_readable.js:250:11)
    at Socket.Readable.push (_stream_readable.js:208:10)
    at TCP.onread (net.js:601:20)
    --------------------
    at Pool.query (G:\node\node-koa2\node_modules\_mysql@2.16.0@mysql\lib\Pool.js:199:23)
    at MysqlStore.<anonymous> (G:\node\node-koa2\node_modules\_co-mysql@0.4.1@co-mysql\index.js:10:10)
    at next (G:\node\node-koa2\node_modules\_co@3.1.0@co\index.js:90:21)
    at MysqlStore.<anonymous> (G:\node\node-koa2\node_modules\_co@3.1.0@co\index.js:45:5)
    at new MysqlStore (G:\node\node-koa2\node_modules\_koa-mysql-session@0.0.2@koa-mysql-session\index.js:50:8)
    at Object.<anonymous> (G:\node\node-koa2\app.js:12:14)
    at Module._compile (module.js:653:30)
    at Object.Module._extensions..js (module.js:664:10)
    at Module.load (module.js:566:32)
    at tryModuleLoad (module.js:506:12)
    at Function.Module._load (module.js:498:3)
    at Module.require (module.js:597:17)
    at require (internal/module.js:11:18)
    at Object.<anonymous> (G:\node\node-koa2\bin\www:7:11)
    at Module._compile (module.js:653:30)
    at Object.Module._extensions..js (module.js:664:10)
Error: ER_NO_DB_ERROR: No database selected
    at Query.Sequence._packetToError (G:\node\node-koa2\node_modules\_mysql@2.16.0@mysql\lib\protocol\sequences\Sequence.js:47:14)
    at Query.ErrorPacket (G:\node\node-koa2\node_modules\_mysql@2.16.0@mysql\lib\protocol\sequences\Query.js:77:18)
    at Protocol._parsePacket (G:\node\node-koa2\node_modules\_mysql@2.16.0@mysql\lib\protocol\Protocol.js:278:23)
    at Parser.write (G:\node\node-koa2\node_modules\_mysql@2.16.0@mysql\lib\protocol\Parser.js:76:12)
    at Protocol.write (G:\node\node-koa2\node_modules\_mysql@2.16.0@mysql\lib\protocol\Protocol.js:38:16)
    at Socket.<anonymous> (G:\node\node-koa2\node_modules\_mysql@2.16.0@mysql\lib\Connection.js:91:28)
    at Socket.<anonymous> (G:\node\node-koa2\node_modules\_mysql@2.16.0@mysql\lib\Connection.js:502:10)
    at emitOne (events.js:116:13)
    at Socket.emit (events.js:211:7)
    at addChunk (_stream_readable.js:263:12)
    at readableAddChunk (_stream_readable.js:250:11)
    at Socket.Readable.push (_stream_readable.js:208:10)
    at TCP.onread (net.js:601:20)
    --------------------
    at Pool.query (G:\node\node-koa2\node_modules\_mysql@2.16.0@mysql\lib\Pool.js:199:23)
    at MysqlStore.<anonymous> (G:\node\node-koa2\node_modules\_co-mysql@0.4.1@co-mysql\index.js:10:10)
    at next (G:\node\node-koa2\node_modules\_co@3.1.0@co\index.js:90:21)
    at MysqlStore.<anonymous> (G:\node\node-koa2\node_modules\_co@3.1.0@co\index.js:45:5)
    at new MysqlStore (G:\node\node-koa2\node_modules\_koa-mysql-session@0.0.2@koa-mysql-session\index.js:50:8)
    at Object.<anonymous> (G:\node\node-koa2\app.js:12:14)
    at Module._compile (module.js:653:30)
    at Object.Module._extensions..js (module.js:664:10)
    at Module.load (module.js:566:32)
    at tryModuleLoad (module.js:506:12)
    at Function.Module._load (module.js:498:3)
    at Module.require (module.js:597:17)
    at require (internal/module.js:11:18)
    at Object.<anonymous> (G:\node\node-koa2\bin\www:7:11)
    at Module._compile (module.js:653:30)
    at Object.Module._extensions..js (module.js:664:10)
Error: ER_NO_DB_ERROR: No database selected
    at Query.Sequence._packetToError (G:\node\node-koa2\node_modules\_mysql@2.16.0@mysql\lib\protocol\sequences\Sequence.js:47:14)
    at Query.ErrorPacket (G:\node\node-koa2\node_modules\_mysql@2.16.0@mysql\lib\protocol\sequences\Query.js:77:18)
    at Protocol._parsePacket (G:\node\node-koa2\node_modules\_mysql@2.16.0@mysql\lib\protocol\Protocol.js:278:23)
    at Parser.write (G:\node\node-koa2\node_modules\_mysql@2.16.0@mysql\lib\protocol\Parser.js:76:12)
    at Protocol.write (G:\node\node-koa2\node_modules\_mysql@2.16.0@mysql\lib\protocol\Protocol.js:38:16)
    at Socket.<anonymous> (G:\node\node-koa2\node_modules\_mysql@2.16.0@mysql\lib\Connection.js:91:28)
    at Socket.<anonymous> (G:\node\node-koa2\node_modules\_mysql@2.16.0@mysql\lib\Connection.js:502:10)
    at emitOne (events.js:116:13)
    at Socket.emit (events.js:211:7)
    at addChunk (_stream_readable.js:263:12)
    at readableAddChunk (_stream_readable.js:250:11)
    at Socket.Readable.push (_stream_readable.js:208:10)
    at TCP.onread (net.js:601:20)
    --------------------
    at Pool.query (G:\node\node-koa2\node_modules\_mysql@2.16.0@mysql\lib\Pool.js:199:23)
    at MysqlStore.<anonymous> (G:\node\node-koa2\node_modules\_co-mysql@0.4.1@co-mysql\index.js:10:10)
    at next (G:\node\node-koa2\node_modules\_co@3.1.0@co\index.js:90:21)
    at MysqlStore.<anonymous> (G:\node\node-koa2\node_modules\_co@3.1.0@co\index.js:45:5)
    at new MysqlStore (G:\node\node-koa2\node_modules\_koa-mysql-session@0.0.2@koa-mysql-session\index.js:50:8)
    at Object.<anonymous> (G:\node\node-koa2\app.js:12:14)
    at Module._compile (module.js:653:30)
    at Object.Module._extensions..js (module.js:664:10)
    at Module.load (module.js:566:32)
    at tryModuleLoad (module.js:506:12)
    at Function.Module._load (module.js:498:3)
    at Module.require (module.js:597:17)
    at require (internal/module.js:11:18)
    at Object.<anonymous> (G:\node\node-koa2\bin\www:7:11)
    at Module._compile (module.js:653:30)
    at Object.Module._extensions..js (module.js:664:10)
Error: ER_NO_DB_ERROR: No database selected
    at Query.Sequence._packetToError (G:\node\node-koa2\node_modules\_mysql@2.16.0@mysql\lib\protocol\sequences\Sequence.js:47:14)
    at Query.ErrorPacket (G:\node\node-koa2\node_modules\_mysql@2.16.0@mysql\lib\protocol\sequences\Query.js:77:18)
    at Protocol._parsePacket (G:\node\node-koa2\node_modules\_mysql@2.16.0@mysql\lib\protocol\Protocol.js:278:23)
    at Parser.write (G:\node\node-koa2\node_modules\_mysql@2.16.0@mysql\lib\protocol\Parser.js:76:12)
    at Protocol.write (G:\node\node-koa2\node_modules\_mysql@2.16.0@mysql\lib\protocol\Protocol.js:38:16)
    at Socket.<anonymous> (G:\node\node-koa2\node_modules\_mysql@2.16.0@mysql\lib\Connection.js:91:28)
    at Socket.<anonymous> (G:\node\node-koa2\node_modules\_mysql@2.16.0@mysql\lib\Connection.js:502:10)
    at emitOne (events.js:116:13)
    at Socket.emit (events.js:211:7)
    at addChunk (_stream_readable.js:263:12)
    at readableAddChunk (_stream_readable.js:250:11)
    at Socket.Readable.push (_stream_readable.js:208:10)
    at TCP.onread (net.js:601:20)
    --------------------
    at Pool.query (G:\node\node-koa2\node_modules\_mysql@2.16.0@mysql\lib\Pool.js:199:23)
    at MysqlStore.<anonymous> (G:\node\node-koa2\node_modules\_co-mysql@0.4.1@co-mysql\index.js:10:10)
    at next (G:\node\node-koa2\node_modules\_co@3.1.0@co\index.js:90:21)
    at MysqlStore.<anonymous> (G:\node\node-koa2\node_modules\_co@3.1.0@co\index.js:45:5)
    at new MysqlStore (G:\node\node-koa2\node_modules\_koa-mysql-session@0.0.2@koa-mysql-session\index.js:50:8)
    at Object.<anonymous> (G:\node\node-koa2\app.js:12:14)
    at Module._compile (module.js:653:30)
    at Object.Module._extensions..js (module.js:664:10)
    at Module.load (module.js:566:32)
    at tryModuleLoad (module.js:506:12)
    at Function.Module._load (module.js:498:3)
    at Module.require (module.js:597:17)
    at require (internal/module.js:11:18)
    at Object.<anonymous> (G:\node\node-koa2\bin\www:7:11)
    at Module._compile (module.js:653:30)
    at Object.Module._extensions..js (module.js:664:10)
Error: ER_NO_DB_ERROR: No database selected
    at Query.Sequence._packetToError (G:\node\node-koa2\node_modules\_mysql@2.16.0@mysql\lib\protocol\sequences\Sequence.js:47:14)
    at Query.ErrorPacket (G:\node\node-koa2\node_modules\_mysql@2.16.0@mysql\lib\protocol\sequences\Query.js:77:18)
    at Protocol._parsePacket (G:\node\node-koa2\node_modules\_mysql@2.16.0@mysql\lib\protocol\Protocol.js:278:23)
    at Parser.write (G:\node\node-koa2\node_modules\_mysql@2.16.0@mysql\lib\protocol\Parser.js:76:12)
    at Protocol.write (G:\node\node-koa2\node_modules\_mysql@2.16.0@mysql\lib\protocol\Protocol.js:38:16)
    at Socket.<anonymous> (G:\node\node-koa2\node_modules\_mysql@2.16.0@mysql\lib\Connection.js:91:28)
    at Socket.<anonymous> (G:\node\node-koa2\node_modules\_mysql@2.16.0@mysql\lib\Connection.js:502:10)
    at emitOne (events.js:116:13)
    at Socket.emit (events.js:211:7)
    at addChunk (_stream_readable.js:263:12)
    at readableAddChunk (_stream_readable.js:250:11)
    at Socket.Readable.push (_stream_readable.js:208:10)
    at TCP.onread (net.js:601:20)
    --------------------
    at Pool.query (G:\node\node-koa2\node_modules\_mysql@2.16.0@mysql\lib\Pool.js:199:23)
    at MysqlStore.<anonymous> (G:\node\node-koa2\node_modules\_co-mysql@0.4.1@co-mysql\index.js:10:10)
    at next (G:\node\node-koa2\node_modules\_co@3.1.0@co\index.js:90:21)
    at MysqlStore.<anonymous> (G:\node\node-koa2\node_modules\_co@3.1.0@co\index.js:45:5)
    at new MysqlStore (G:\node\node-koa2\node_modules\_koa-mysql-session@0.0.2@koa-mysql-session\index.js:50:8)
    at Object.<anonymous> (G:\node\node-koa2\app.js:12:14)
    at Module._compile (module.js:653:30)
    at Object.Module._extensions..js (module.js:664:10)
    at Module.load (module.js:566:32)
    at tryModuleLoad (module.js:506:12)
    at Function.Module._load (module.js:498:3)
    at Module.require (module.js:597:17)
    at require (internal/module.js:11:18)
    at Object.<anonymous> (G:\node\node-koa2\bin\www:7:11)
    at Module._compile (module.js:653:30)
    at Object.Module._extensions..js (module.js:664:10)
Error: ER_NO_DB_ERROR: No database selected
    at Query.Sequence._packetToError (G:\node\node-koa2\node_modules\_mysql@2.16.0@mysql\lib\protocol\sequences\Sequence.js:47:14)
    at Query.ErrorPacket (G:\node\node-koa2\node_modules\_mysql@2.16.0@mysql\lib\protocol\sequences\Query.js:77:18)
    at Protocol._parsePacket (G:\node\node-koa2\node_modules\_mysql@2.16.0@mysql\lib\protocol\Protocol.js:278:23)
    at Parser.write (G:\node\node-koa2\node_modules\_mysql@2.16.0@mysql\lib\protocol\Parser.js:76:12)
    at Protocol.write (G:\node\node-koa2\node_modules\_mysql@2.16.0@mysql\lib\protocol\Protocol.js:38:16)
    at Socket.<anonymous> (G:\node\node-koa2\node_modules\_mysql@2.16.0@mysql\lib\Connection.js:91:28)
    at Socket.<anonymous> (G:\node\node-koa2\node_modules\_mysql@2.16.0@mysql\lib\Connection.js:502:10)
    at emitOne (events.js:116:13)
    at Socket.emit (events.js:211:7)
    at addChunk (_stream_readable.js:263:12)
    at readableAddChunk (_stream_readable.js:250:11)
    at Socket.Readable.push (_stream_readable.js:208:10)
    at TCP.onread (net.js:601:20)
    --------------------
    at Pool.query (G:\node\node-koa2\node_modules\_mysql@2.16.0@mysql\lib\Pool.js:199:23)
    at MysqlStore.<anonymous> (G:\node\node-koa2\node_modules\_co-mysql@0.4.1@co-mysql\index.js:10:10)
    at next (G:\node\node-koa2\node_modules\_co@3.1.0@co\index.js:90:21)
    at MysqlStore.<anonymous> (G:\node\node-koa2\node_modules\_co@3.1.0@co\index.js:45:5)
    at new MysqlStore (G:\node\node-koa2\node_modules\_koa-mysql-session@0.0.2@koa-mysql-session\index.js:50:8)
    at Object.<anonymous> (G:\node\node-koa2\app.js:12:14)
    at Module._compile (module.js:653:30)
    at Object.Module._extensions..js (module.js:664:10)
    at Module.load (module.js:566:32)
    at tryModuleLoad (module.js:506:12)
    at Function.Module._load (module.js:498:3)
    at Module.require (module.js:597:17)
    at require (internal/module.js:11:18)
    at Object.<anonymous> (G:\node\node-koa2\bin\www:7:11)
    at Module._compile (module.js:653:30)
    at Object.Module._extensions..js (module.js:664:10)
Error: ER_NO_DB_ERROR: No database selected
    at Query.Sequence._packetToError (G:\node\node-koa2\node_modules\_mysql@2.16.0@mysql\lib\protocol\sequences\Sequence.js:47:14)
    at Query.ErrorPacket (G:\node\node-koa2\node_modules\_mysql@2.16.0@mysql\lib\protocol\sequences\Query.js:77:18)
    at Protocol._parsePacket (G:\node\node-koa2\node_modules\_mysql@2.16.0@mysql\lib\protocol\Protocol.js:278:23)
    at Parser.write (G:\node\node-koa2\node_modules\_mysql@2.16.0@mysql\lib\protocol\Parser.js:76:12)
    at Protocol.write (G:\node\node-koa2\node_modules\_mysql@2.16.0@mysql\lib\protocol\Protocol.js:38:16)
    at Socket.<anonymous> (G:\node\node-koa2\node_modules\_mysql@2.16.0@mysql\lib\Connection.js:91:28)
    at Socket.<anonymous> (G:\node\node-koa2\node_modules\_mysql@2.16.0@mysql\lib\Connection.js:502:10)
    at emitOne (events.js:116:13)
    at Socket.emit (events.js:211:7)
    at addChunk (_stream_readable.js:263:12)
    at readableAddChunk (_stream_readable.js:250:11)
    at Socket.Readable.push (_stream_readable.js:208:10)
    at TCP.onread (net.js:601:20)
    --------------------
    at Pool.query (G:\node\node-koa2\node_modules\_mysql@2.16.0@mysql\lib\Pool.js:199:23)
    at MysqlStore.<anonymous> (G:\node\node-koa2\node_modules\_co-mysql@0.4.1@co-mysql\index.js:10:10)
    at next (G:\node\node-koa2\node_modules\_co@3.1.0@co\index.js:90:21)
    at MysqlStore.<anonymous> (G:\node\node-koa2\node_modules\_co@3.1.0@co\index.js:45:5)
    at new MysqlStore (G:\node\node-koa2\node_modules\_koa-mysql-session@0.0.2@koa-mysql-session\index.js:50:8)
    at Object.<anonymous> (G:\node\node-koa2\app.js:12:14)
    at Module._compile (module.js:653:30)
    at Object.Module._extensions..js (module.js:664:10)
    at Module.load (module.js:566:32)
    at tryModuleLoad (module.js:506:12)
    at Function.Module._load (module.js:498:3)
    at Module.require (module.js:597:17)
    at require (internal/module.js:11:18)
    at Object.<anonymous> (G:\node\node-koa2\bin\www:7:11)
    at Module._compile (module.js:653:30)
    at Object.Module._extensions..js (module.js:664:10)
Error: ER_NO_DB_ERROR: No database selected
    at Query.Sequence._packetToError (G:\node\node-koa2\node_modules\_mysql@2.16.0@mysql\lib\protocol\sequences\Sequence.js:47:14)
    at Query.ErrorPacket (G:\node\node-koa2\node_modules\_mysql@2.16.0@mysql\lib\protocol\sequences\Query.js:77:18)
    at Protocol._parsePacket (G:\node\node-koa2\node_modules\_mysql@2.16.0@mysql\lib\protocol\Protocol.js:278:23)
    at Parser.write (G:\node\node-koa2\node_modules\_mysql@2.16.0@mysql\lib\protocol\Parser.js:76:12)
    at Protocol.write (G:\node\node-koa2\node_modules\_mysql@2.16.0@mysql\lib\protocol\Protocol.js:38:16)
    at Socket.<anonymous> (G:\node\node-koa2\node_modules\_mysql@2.16.0@mysql\lib\Connection.js:91:28)
    at Socket.<anonymous> (G:\node\node-koa2\node_modules\_mysql@2.16.0@mysql\lib\Connection.js:502:10)
    at emitOne (events.js:116:13)
    at Socket.emit (events.js:211:7)
    at addChunk (_stream_readable.js:263:12)
    at readableAddChunk (_stream_readable.js:250:11)
    at Socket.Readable.push (_stream_readable.js:208:10)
    at TCP.onread (net.js:601:20)
    --------------------
    at Pool.query (G:\node\node-koa2\node_modules\_mysql@2.16.0@mysql\lib\Pool.js:199:23)
    at MysqlStore.<anonymous> (G:\node\node-koa2\node_modules\_co-mysql@0.4.1@co-mysql\index.js:10:10)
    at next (G:\node\node-koa2\node_modules\_co@3.1.0@co\index.js:90:21)
    at MysqlStore.<anonymous> (G:\node\node-koa2\node_modules\_co@3.1.0@co\index.js:45:5)
    at new MysqlStore (G:\node\node-koa2\node_modules\_koa-mysql-session@0.0.2@koa-mysql-session\index.js:50:8)
    at Object.<anonymous> (G:\node\node-koa2\app.js:12:14)
    at Module._compile (module.js:653:30)
    at Object.Module._extensions..js (module.js:664:10)
    at Module.load (module.js:566:32)
    at tryModuleLoad (module.js:506:12)
    at Function.Module._load (module.js:498:3)
    at Module.require (module.js:597:17)
    at require (internal/module.js:11:18)
    at Object.<anonymous> (G:\node\node-koa2\bin\www:7:11)
    at Module._compile (module.js:653:30)
    at Object.Module._extensions..js (module.js:664:10)
Error: ER_NO_DB_ERROR: No database selected
    at Query.Sequence._packetToError (G:\node\node-koa2\node_modules\_mysql@2.16.0@mysql\lib\protocol\sequences\Sequence.js:47:14)
    at Query.ErrorPacket (G:\node\node-koa2\node_modules\_mysql@2.16.0@mysql\lib\protocol\sequences\Query.js:77:18)
    at Protocol._parsePacket (G:\node\node-koa2\node_modules\_mysql@2.16.0@mysql\lib\protocol\Protocol.js:278:23)
    at Parser.write (G:\node\node-koa2\node_modules\_mysql@2.16.0@mysql\lib\protocol\Parser.js:76:12)
    at Protocol.write (G:\node\node-koa2\node_modules\_mysql@2.16.0@mysql\lib\protocol\Protocol.js:38:16)
    at Socket.<anonymous> (G:\node\node-koa2\node_modules\_mysql@2.16.0@mysql\lib\Connection.js:91:28)
    at Socket.<anonymous> (G:\node\node-koa2\node_modules\_mysql@2.16.0@mysql\lib\Connection.js:502:10)
    at emitOne (events.js:116:13)
    at Socket.emit (events.js:211:7)
    at addChunk (_stream_readable.js:263:12)
    at readableAddChunk (_stream_readable.js:250:11)
    at Socket.Readable.push (_stream_readable.js:208:10)
    at TCP.onread (net.js:601:20)
    --------------------
    at Pool.query (G:\node\node-koa2\node_modules\_mysql@2.16.0@mysql\lib\Pool.js:199:23)
    at MysqlStore.<anonymous> (G:\node\node-koa2\node_modules\_co-mysql@0.4.1@co-mysql\index.js:10:10)
    at next (G:\node\node-koa2\node_modules\_co@3.1.0@co\index.js:90:21)
    at MysqlStore.<anonymous> (G:\node\node-koa2\node_modules\_co@3.1.0@co\index.js:45:5)
    at new MysqlStore (G:\node\node-koa2\node_modules\_koa-mysql-session@0.0.2@koa-mysql-session\index.js:50:8)
    at Object.<anonymous> (G:\node\node-koa2\app.js:12:14)
    at Module._compile (module.js:653:30)
    at Object.Module._extensions..js (module.js:664:10)
    at Module.load (module.js:566:32)
    at tryModuleLoad (module.js:506:12)
    at Function.Module._load (module.js:498:3)
    at Module.require (module.js:597:17)
    at require (internal/module.js:11:18)
    at Object.<anonymous> (G:\node\node-koa2\bin\www:7:11)
    at Module._compile (module.js:653:30)
    at Object.Module._extensions..js (module.js:664:10)
Error: ER_NO_DB_ERROR: No database selected
    at Query.Sequence._packetToError (G:\node\node-koa2\node_modules\_mysql@2.16.0@mysql\lib\protocol\sequences\Sequence.js:47:14)
    at Query.ErrorPacket (G:\node\node-koa2\node_modules\_mysql@2.16.0@mysql\lib\protocol\sequences\Query.js:77:18)
    at Protocol._parsePacket (G:\node\node-koa2\node_modules\_mysql@2.16.0@mysql\lib\protocol\Protocol.js:278:23)
    at Parser.write (G:\node\node-koa2\node_modules\_mysql@2.16.0@mysql\lib\protocol\Parser.js:76:12)
    at Protocol.write (G:\node\node-koa2\node_modules\_mysql@2.16.0@mysql\lib\protocol\Protocol.js:38:16)
    at Socket.<anonymous> (G:\node\node-koa2\node_modules\_mysql@2.16.0@mysql\lib\Connection.js:91:28)
    at Socket.<anonymous> (G:\node\node-koa2\node_modules\_mysql@2.16.0@mysql\lib\Connection.js:502:10)
    at emitOne (events.js:116:13)
    at Socket.emit (events.js:211:7)
    at addChunk (_stream_readable.js:263:12)
    at readableAddChunk (_stream_readable.js:250:11)
    at Socket.Readable.push (_stream_readable.js:208:10)
    at TCP.onread (net.js:601:20)
    --------------------
    at Pool.query (G:\node\node-koa2\node_modules\_mysql@2.16.0@mysql\lib\Pool.js:199:23)
    at MysqlStore.<anonymous> (G:\node\node-koa2\node_modules\_co-mysql@0.4.1@co-mysql\index.js:10:10)
    at next (G:\node\node-koa2\node_modules\_co@3.1.0@co\index.js:90:21)
    at MysqlStore.<anonymous> (G:\node\node-koa2\node_modules\_co@3.1.0@co\index.js:45:5)
    at new MysqlStore (G:\node\node-koa2\node_modules\_koa-mysql-session@0.0.2@koa-mysql-session\index.js:50:8)
    at Object.<anonymous> (G:\node\node-koa2\app.js:12:14)
    at Module._compile (module.js:653:30)
    at Object.Module._extensions..js (module.js:664:10)
    at Module.load (module.js:566:32)
    at tryModuleLoad (module.js:506:12)
    at Function.Module._load (module.js:498:3)
    at Module.require (module.js:597:17)
    at require (internal/module.js:11:18)
    at Object.<anonymous> (G:\node\node-koa2\bin\www:7:11)
    at Module._compile (module.js:653:30)
    at Object.Module._extensions..js (module.js:664:10)
Error: ER_NO_DB_ERROR: No database selected
    at Query.Sequence._packetToError (G:\node\node-koa2\node_modules\_mysql@2.16.0@mysql\lib\protocol\sequences\Sequence.js:47:14)
    at Query.ErrorPacket (G:\node\node-koa2\node_modules\_mysql@2.16.0@mysql\lib\protocol\sequences\Query.js:77:18)
    at Protocol._parsePacket (G:\node\node-koa2\node_modules\_mysql@2.16.0@mysql\lib\protocol\Protocol.js:278:23)
    at Parser.write (G:\node\node-koa2\node_modules\_mysql@2.16.0@mysql\lib\protocol\Parser.js:76:12)
    at Protocol.write (G:\node\node-koa2\node_modules\_mysql@2.16.0@mysql\lib\protocol\Protocol.js:38:16)
    at Socket.<anonymous> (G:\node\node-koa2\node_modules\_mysql@2.16.0@mysql\lib\Connection.js:91:28)
    at Socket.<anonymous> (G:\node\node-koa2\node_modules\_mysql@2.16.0@mysql\lib\Connection.js:502:10)
    at emitOne (events.js:116:13)
    at Socket.emit (events.js:211:7)
    at addChunk (_stream_readable.js:263:12)
    at readableAddChunk (_stream_readable.js:250:11)
    at Socket.Readable.push (_stream_readable.js:208:10)
    at TCP.onread (net.js:601:20)
    --------------------
    at Pool.query (G:\node\node-koa2\node_modules\_mysql@2.16.0@mysql\lib\Pool.js:199:23)
    at MysqlStore.<anonymous> (G:\node\node-koa2\node_modules\_co-mysql@0.4.1@co-mysql\index.js:10:10)
    at next (G:\node\node-koa2\node_modules\_co@3.1.0@co\index.js:90:21)
    at MysqlStore.<anonymous> (G:\node\node-koa2\node_modules\_co@3.1.0@co\index.js:45:5)
    at new MysqlStore (G:\node\node-koa2\node_modules\_koa-mysql-session@0.0.2@koa-mysql-session\index.js:50:8)
    at Object.<anonymous> (G:\node\node-koa2\app.js:12:14)
    at Module._compile (module.js:653:30)
    at Object.Module._extensions..js (module.js:664:10)
    at Module.load (module.js:566:32)
    at tryModuleLoad (module.js:506:12)
    at Function.Module._load (module.js:498:3)
    at Module.require (module.js:597:17)
    at require (internal/module.js:11:18)
    at Object.<anonymous> (G:\node\node-koa2\bin\www:7:11)
    at Module._compile (module.js:653:30)
    at Object.Module._extensions..js (module.js:664:10)
Error: ER_NO_DB_ERROR: No database selected
    at Query.Sequence._packetToError (G:\node\node-koa2\node_modules\_mysql@2.16.0@mysql\lib\protocol\sequences\Sequence.js:47:14)
    at Query.ErrorPacket (G:\node\node-koa2\node_modules\_mysql@2.16.0@mysql\lib\protocol\sequences\Query.js:77:18)
    at Protocol._parsePacket (G:\node\node-koa2\node_modules\_mysql@2.16.0@mysql\lib\protocol\Protocol.js:278:23)
    at Parser.write (G:\node\node-koa2\node_modules\_mysql@2.16.0@mysql\lib\protocol\Parser.js:76:12)
    at Protocol.write (G:\node\node-koa2\node_modules\_mysql@2.16.0@mysql\lib\protocol\Protocol.js:38:16)
    at Socket.<anonymous> (G:\node\node-koa2\node_modules\_mysql@2.16.0@mysql\lib\Connection.js:91:28)
    at Socket.<anonymous> (G:\node\node-koa2\node_modules\_mysql@2.16.0@mysql\lib\Connection.js:502:10)
    at emitOne (events.js:116:13)
    at Socket.emit (events.js:211:7)
    at addChunk (_stream_readable.js:263:12)
    at readableAddChunk (_stream_readable.js:250:11)
    at Socket.Readable.push (_stream_readable.js:208:10)
    at TCP.onread (net.js:601:20)
    --------------------
    at Pool.query (G:\node\node-koa2\node_modules\_mysql@2.16.0@mysql\lib\Pool.js:199:23)
    at MysqlStore.<anonymous> (G:\node\node-koa2\node_modules\_co-mysql@0.4.1@co-mysql\index.js:10:10)
    at next (G:\node\node-koa2\node_modules\_co@3.1.0@co\index.js:90:21)
    at MysqlStore.<anonymous> (G:\node\node-koa2\node_modules\_co@3.1.0@co\index.js:45:5)
    at new MysqlStore (G:\node\node-koa2\node_modules\_koa-mysql-session@0.0.2@koa-mysql-session\index.js:50:8)
    at Object.<anonymous> (G:\node\node-koa2\app.js:12:14)
    at Module._compile (module.js:653:30)
    at Object.Module._extensions..js (module.js:664:10)
    at Module.load (module.js:566:32)
    at tryModuleLoad (module.js:506:12)
    at Function.Module._load (module.js:498:3)
    at Module.require (module.js:597:17)
    at require (internal/module.js:11:18)
    at Object.<anonymous> (G:\node\node-koa2\bin\www:7:11)
    at Module._compile (module.js:653:30)
    at Object.Module._extensions..js (module.js:664:10)
Error: ER_NO_DB_ERROR: No database selected
    at Query.Sequence._packetToError (G:\node\node-koa2\node_modules\_mysql@2.16.0@mysql\lib\protocol\sequences\Sequence.js:47:14)
    at Query.ErrorPacket (G:\node\node-koa2\node_modules\_mysql@2.16.0@mysql\lib\protocol\sequences\Query.js:77:18)
    at Protocol._parsePacket (G:\node\node-koa2\node_modules\_mysql@2.16.0@mysql\lib\protocol\Protocol.js:278:23)
    at Parser.write (G:\node\node-koa2\node_modules\_mysql@2.16.0@mysql\lib\protocol\Parser.js:76:12)
    at Protocol.write (G:\node\node-koa2\node_modules\_mysql@2.16.0@mysql\lib\protocol\Protocol.js:38:16)
    at Socket.<anonymous> (G:\node\node-koa2\node_modules\_mysql@2.16.0@mysql\lib\Connection.js:91:28)
    at Socket.<anonymous> (G:\node\node-koa2\node_modules\_mysql@2.16.0@mysql\lib\Connection.js:502:10)
    at emitOne (events.js:116:13)
    at Socket.emit (events.js:211:7)
    at addChunk (_stream_readable.js:263:12)
    at readableAddChunk (_stream_readable.js:250:11)
    at Socket.Readable.push (_stream_readable.js:208:10)
    at TCP.onread (net.js:601:20)
    --------------------
    at Pool.query (G:\node\node-koa2\node_modules\_mysql@2.16.0@mysql\lib\Pool.js:199:23)
    at MysqlStore.<anonymous> (G:\node\node-koa2\node_modules\_co-mysql@0.4.1@co-mysql\index.js:10:10)
    at next (G:\node\node-koa2\node_modules\_co@3.1.0@co\index.js:90:21)
    at MysqlStore.<anonymous> (G:\node\node-koa2\node_modules\_co@3.1.0@co\index.js:45:5)
    at new MysqlStore (G:\node\node-koa2\node_modules\_koa-mysql-session@0.0.2@koa-mysql-session\index.js:50:8)
    at Object.<anonymous> (G:\node\node-koa2\app.js:12:14)
    at Module._compile (module.js:653:30)
    at Object.Module._extensions..js (module.js:664:10)
    at Module.load (module.js:566:32)
    at tryModuleLoad (module.js:506:12)
    at Function.Module._load (module.js:498:3)
    at Module.require (module.js:597:17)
    at require (internal/module.js:11:18)
    at Object.<anonymous> (G:\node\node-koa2\bin\www:7:11)
    at Module._compile (module.js:653:30)
    at Object.Module._extensions..js (module.js:664:10)
Error: ER_NO_DB_ERROR: No database selected
    at Query.Sequence._packetToError (G:\node\node-koa2\node_modules\_mysql@2.16.0@mysql\lib\protocol\sequences\Sequence.js:47:14)
    at Query.ErrorPacket (G:\node\node-koa2\node_modules\_mysql@2.16.0@mysql\lib\protocol\sequences\Query.js:77:18)
    at Protocol._parsePacket (G:\node\node-koa2\node_modules\_mysql@2.16.0@mysql\lib\protocol\Protocol.js:278:23)
    at Parser.write (G:\node\node-koa2\node_modules\_mysql@2.16.0@mysql\lib\protocol\Parser.js:76:12)
    at Protocol.write (G:\node\node-koa2\node_modules\_mysql@2.16.0@mysql\lib\protocol\Protocol.js:38:16)
    at Socket.<anonymous> (G:\node\node-koa2\node_modules\_mysql@2.16.0@mysql\lib\Connection.js:91:28)
    at Socket.<anonymous> (G:\node\node-koa2\node_modules\_mysql@2.16.0@mysql\lib\Connection.js:502:10)
    at emitOne (events.js:116:13)
    at Socket.emit (events.js:211:7)
    at addChunk (_stream_readable.js:263:12)
    at readableAddChunk (_stream_readable.js:250:11)
    at Socket.Readable.push (_stream_readable.js:208:10)
    at TCP.onread (net.js:601:20)
    --------------------
    at Pool.query (G:\node\node-koa2\node_modules\_mysql@2.16.0@mysql\lib\Pool.js:199:23)
    at MysqlStore.<anonymous> (G:\node\node-koa2\node_modules\_co-mysql@0.4.1@co-mysql\index.js:10:10)
    at next (G:\node\node-koa2\node_modules\_co@3.1.0@co\index.js:90:21)
    at MysqlStore.<anonymous> (G:\node\node-koa2\node_modules\_co@3.1.0@co\index.js:45:5)
    at new MysqlStore (G:\node\node-koa2\node_modules\_koa-mysql-session@0.0.2@koa-mysql-session\index.js:50:8)
    at Object.<anonymous> (G:\node\node-koa2\app.js:12:14)
    at Module._compile (module.js:653:30)
    at Object.Module._extensions..js (module.js:664:10)
    at Module.load (module.js:566:32)
    at tryModuleLoad (module.js:506:12)
    at Function.Module._load (module.js:498:3)
    at Module.require (module.js:597:17)
    at require (internal/module.js:11:18)
    at Object.<anonymous> (G:\node\node-koa2\bin\www:7:11)
    at Module._compile (module.js:653:30)
    at Object.Module._extensions..js (module.js:664:10)
Error: ER_NO_DB_ERROR: No database selected
    at Query.Sequence._packetToError (G:\node\node-koa2\node_modules\_mysql@2.16.0@mysql\lib\protocol\sequences\Sequence.js:47:14)
    at Query.ErrorPacket (G:\node\node-koa2\node_modules\_mysql@2.16.0@mysql\lib\protocol\sequences\Query.js:77:18)
    at Protocol._parsePacket (G:\node\node-koa2\node_modules\_mysql@2.16.0@mysql\lib\protocol\Protocol.js:278:23)
    at Parser.write (G:\node\node-koa2\node_modules\_mysql@2.16.0@mysql\lib\protocol\Parser.js:76:12)
    at Protocol.write (G:\node\node-koa2\node_modules\_mysql@2.16.0@mysql\lib\protocol\Protocol.js:38:16)
    at Socket.<anonymous> (G:\node\node-koa2\node_modules\_mysql@2.16.0@mysql\lib\Connection.js:91:28)
    at Socket.<anonymous> (G:\node\node-koa2\node_modules\_mysql@2.16.0@mysql\lib\Connection.js:502:10)
    at emitOne (events.js:116:13)
    at Socket.emit (events.js:211:7)
    at addChunk (_stream_readable.js:263:12)
    at readableAddChunk (_stream_readable.js:250:11)
    at Socket.Readable.push (_stream_readable.js:208:10)
    at TCP.onread (net.js:601:20)
    --------------------
    at Pool.query (G:\node\node-koa2\node_modules\_mysql@2.16.0@mysql\lib\Pool.js:199:23)
    at MysqlStore.<anonymous> (G:\node\node-koa2\node_modules\_co-mysql@0.4.1@co-mysql\index.js:10:10)
    at next (G:\node\node-koa2\node_modules\_co@3.1.0@co\index.js:90:21)
    at MysqlStore.<anonymous> (G:\node\node-koa2\node_modules\_co@3.1.0@co\index.js:45:5)
    at new MysqlStore (G:\node\node-koa2\node_modules\_koa-mysql-session@0.0.2@koa-mysql-session\index.js:50:8)
    at Object.<anonymous> (G:\node\node-koa2\app.js:12:14)
    at Module._compile (module.js:653:30)
    at Object.Module._extensions..js (module.js:664:10)
    at Module.load (module.js:566:32)
    at tryModuleLoad (module.js:506:12)
    at Function.Module._load (module.js:498:3)
    at Module.require (module.js:597:17)
    at require (internal/module.js:11:18)
    at Object.<anonymous> (G:\node\node-koa2\bin\www:7:11)
    at Module._compile (module.js:653:30)
    at Object.Module._extensions..js (module.js:664:10)
Error: ER_NO_DB_ERROR: No database selected
    at Query.Sequence._packetToError (G:\node\node-koa2\node_modules\_mysql@2.16.0@mysql\lib\protocol\sequences\Sequence.js:47:14)
    at Query.ErrorPacket (G:\node\node-koa2\node_modules\_mysql@2.16.0@mysql\lib\protocol\sequences\Query.js:77:18)
    at Protocol._parsePacket (G:\node\node-koa2\node_modules\_mysql@2.16.0@mysql\lib\protocol\Protocol.js:278:23)
    at Parser.write (G:\node\node-koa2\node_modules\_mysql@2.16.0@mysql\lib\protocol\Parser.js:76:12)
    at Protocol.write (G:\node\node-koa2\node_modules\_mysql@2.16.0@mysql\lib\protocol\Protocol.js:38:16)
    at Socket.<anonymous> (G:\node\node-koa2\node_modules\_mysql@2.16.0@mysql\lib\Connection.js:91:28)
    at Socket.<anonymous> (G:\node\node-koa2\node_modules\_mysql@2.16.0@mysql\lib\Connection.js:502:10)
    at emitOne (events.js:116:13)
    at Socket.emit (events.js:211:7)
    at addChunk (_stream_readable.js:263:12)
    at readableAddChunk (_stream_readable.js:250:11)
    at Socket.Readable.push (_stream_readable.js:208:10)
    at TCP.onread (net.js:601:20)
    --------------------
    at Pool.query (G:\node\node-koa2\node_modules\_mysql@2.16.0@mysql\lib\Pool.js:199:23)
    at MysqlStore.<anonymous> (G:\node\node-koa2\node_modules\_co-mysql@0.4.1@co-mysql\index.js:10:10)
    at next (G:\node\node-koa2\node_modules\_co@3.1.0@co\index.js:90:21)
    at MysqlStore.<anonymous> (G:\node\node-koa2\node_modules\_co@3.1.0@co\index.js:45:5)
    at new MysqlStore (G:\node\node-koa2\node_modules\_koa-mysql-session@0.0.2@koa-mysql-session\index.js:50:8)
    at Object.<anonymous> (G:\node\node-koa2\app.js:12:14)
    at Module._compile (module.js:653:30)
    at Object.Module._extensions..js (module.js:664:10)
    at Module.load (module.js:566:32)
    at tryModuleLoad (module.js:506:12)
    at Function.Module._load (module.js:498:3)
    at Module.require (module.js:597:17)
    at require (internal/module.js:11:18)
    at Object.<anonymous> (G:\node\node-koa2\bin\www:7:11)
    at Module._compile (module.js:653:30)
    at Object.Module._extensions..js (module.js:664:10)
Error: ER_NO_DB_ERROR: No database selected
    at Query.Sequence._packetToError (G:\node\node-koa2\node_modules\_mysql@2.16.0@mysql\lib\protocol\sequences\Sequence.js:47:14)
    at Query.ErrorPacket (G:\node\node-koa2\node_modules\_mysql@2.16.0@mysql\lib\protocol\sequences\Query.js:77:18)
    at Protocol._parsePacket (G:\node\node-koa2\node_modules\_mysql@2.16.0@mysql\lib\protocol\Protocol.js:278:23)
    at Parser.write (G:\node\node-koa2\node_modules\_mysql@2.16.0@mysql\lib\protocol\Parser.js:76:12)
    at Protocol.write (G:\node\node-koa2\node_modules\_mysql@2.16.0@mysql\lib\protocol\Protocol.js:38:16)
    at Socket.<anonymous> (G:\node\node-koa2\node_modules\_mysql@2.16.0@mysql\lib\Connection.js:91:28)
    at Socket.<anonymous> (G:\node\node-koa2\node_modules\_mysql@2.16.0@mysql\lib\Connection.js:502:10)
    at emitOne (events.js:116:13)
    at Socket.emit (events.js:211:7)
    at addChunk (_stream_readable.js:263:12)
    at readableAddChunk (_stream_readable.js:250:11)
    at Socket.Readable.push (_stream_readable.js:208:10)
    at TCP.onread (net.js:601:20)
    --------------------
    at Pool.query (G:\node\node-koa2\node_modules\_mysql@2.16.0@mysql\lib\Pool.js:199:23)
    at MysqlStore.<anonymous> (G:\node\node-koa2\node_modules\_co-mysql@0.4.1@co-mysql\index.js:10:10)
    at next (G:\node\node-koa2\node_modules\_co@3.1.0@co\index.js:90:21)
    at MysqlStore.<anonymous> (G:\node\node-koa2\node_modules\_co@3.1.0@co\index.js:45:5)
    at new MysqlStore (G:\node\node-koa2\node_modules\_koa-mysql-session@0.0.2@koa-mysql-session\index.js:50:8)
    at Object.<anonymous> (G:\node\node-koa2\app.js:12:14)
    at Module._compile (module.js:653:30)
    at Object.Module._extensions..js (module.js:664:10)
    at Module.load (module.js:566:32)
    at tryModuleLoad (module.js:506:12)
    at Function.Module._load (module.js:498:3)
    at Module.require (module.js:597:17)
    at require (internal/module.js:11:18)
    at Object.<anonymous> (G:\node\node-koa2\bin\www:7:11)
    at Module._compile (module.js:653:30)
    at Object.Module._extensions..js (module.js:664:10)
Error: ER_NO_DB_ERROR: No database selected
    at Query.Sequence._packetToError (G:\node\node-koa2\node_modules\_mysql@2.16.0@mysql\lib\protocol\sequences\Sequence.js:47:14)
    at Query.ErrorPacket (G:\node\node-koa2\node_modules\_mysql@2.16.0@mysql\lib\protocol\sequences\Query.js:77:18)
    at Protocol._parsePacket (G:\node\node-koa2\node_modules\_mysql@2.16.0@mysql\lib\protocol\Protocol.js:278:23)
    at Parser.write (G:\node\node-koa2\node_modules\_mysql@2.16.0@mysql\lib\protocol\Parser.js:76:12)
    at Protocol.write (G:\node\node-koa2\node_modules\_mysql@2.16.0@mysql\lib\protocol\Protocol.js:38:16)
    at Socket.<anonymous> (G:\node\node-koa2\node_modules\_mysql@2.16.0@mysql\lib\Connection.js:91:28)
    at Socket.<anonymous> (G:\node\node-koa2\node_modules\_mysql@2.16.0@mysql\lib\Connection.js:502:10)
    at emitOne (events.js:116:13)
    at Socket.emit (events.js:211:7)
    at addChunk (_stream_readable.js:263:12)
    at readableAddChunk (_stream_readable.js:250:11)
    at Socket.Readable.push (_stream_readable.js:208:10)
    at TCP.onread (net.js:601:20)
    --------------------
    at Pool.query (G:\node\node-koa2\node_modules\_mysql@2.16.0@mysql\lib\Pool.js:199:23)
    at MysqlStore.<anonymous> (G:\node\node-koa2\node_modules\_co-mysql@0.4.1@co-mysql\index.js:10:10)
    at next (G:\node\node-koa2\node_modules\_co@3.1.0@co\index.js:90:21)
    at MysqlStore.<anonymous> (G:\node\node-koa2\node_modules\_co@3.1.0@co\index.js:45:5)
    at new MysqlStore (G:\node\node-koa2\node_modules\_koa-mysql-session@0.0.2@koa-mysql-session\index.js:50:8)
    at Object.<anonymous> (G:\node\node-koa2\app.js:12:14)
    at Module._compile (module.js:653:30)
    at Object.Module._extensions..js (module.js:664:10)
    at Module.load (module.js:566:32)
    at tryModuleLoad (module.js:506:12)
    at Function.Module._load (module.js:498:3)
    at Module.require (module.js:597:17)
    at require (internal/module.js:11:18)
    at Object.<anonymous> (G:\node\node-koa2\bin\www:7:11)
    at Module._compile (module.js:653:30)
    at Object.Module._extensions..js (module.js:664:10)
Error: ER_NO_DB_ERROR: No database selected
    at Query.Sequence._packetToError (G:\node\node-koa2\node_modules\_mysql@2.16.0@mysql\lib\protocol\sequences\Sequence.js:47:14)
    at Query.ErrorPacket (G:\node\node-koa2\node_modules\_mysql@2.16.0@mysql\lib\protocol\sequences\Query.js:77:18)
    at Protocol._parsePacket (G:\node\node-koa2\node_modules\_mysql@2.16.0@mysql\lib\protocol\Protocol.js:278:23)
    at Parser.write (G:\node\node-koa2\node_modules\_mysql@2.16.0@mysql\lib\protocol\Parser.js:76:12)
    at Protocol.write (G:\node\node-koa2\node_modules\_mysql@2.16.0@mysql\lib\protocol\Protocol.js:38:16)
    at Socket.<anonymous> (G:\node\node-koa2\node_modules\_mysql@2.16.0@mysql\lib\Connection.js:91:28)
    at Socket.<anonymous> (G:\node\node-koa2\node_modules\_mysql@2.16.0@mysql\lib\Connection.js:502:10)
    at emitOne (events.js:116:13)
    at Socket.emit (events.js:211:7)
    at addChunk (_stream_readable.js:263:12)
    at readableAddChunk (_stream_readable.js:250:11)
    at Socket.Readable.push (_stream_readable.js:208:10)
    at TCP.onread (net.js:601:20)
    --------------------
    at Pool.query (G:\node\node-koa2\node_modules\_mysql@2.16.0@mysql\lib\Pool.js:199:23)
    at MysqlStore.<anonymous> (G:\node\node-koa2\node_modules\_co-mysql@0.4.1@co-mysql\index.js:10:10)
    at next (G:\node\node-koa2\node_modules\_co@3.1.0@co\index.js:90:21)
    at MysqlStore.<anonymous> (G:\node\node-koa2\node_modules\_co@3.1.0@co\index.js:45:5)
    at new MysqlStore (G:\node\node-koa2\node_modules\_koa-mysql-session@0.0.2@koa-mysql-session\index.js:50:8)
    at Object.<anonymous> (G:\node\node-koa2\app.js:12:14)
    at Module._compile (module.js:653:30)
    at Object.Module._extensions..js (module.js:664:10)
    at Module.load (module.js:566:32)
    at tryModuleLoad (module.js:506:12)
    at Function.Module._load (module.js:498:3)
    at Module.require (module.js:597:17)
    at require (internal/module.js:11:18)
    at Object.<anonymous> (G:\node\node-koa2\bin\www:7:11)
    at Module._compile (module.js:653:30)
    at Object.Module._extensions..js (module.js:664:10)
Error: ER_NO_DB_ERROR: No database selected
    at Query.Sequence._packetToError (G:\node\node-koa2\node_modules\_mysql@2.16.0@mysql\lib\protocol\sequences\Sequence.js:47:14)
    at Query.ErrorPacket (G:\node\node-koa2\node_modules\_mysql@2.16.0@mysql\lib\protocol\sequences\Query.js:77:18)
    at Protocol._parsePacket (G:\node\node-koa2\node_modules\_mysql@2.16.0@mysql\lib\protocol\Protocol.js:278:23)
    at Parser.write (G:\node\node-koa2\node_modules\_mysql@2.16.0@mysql\lib\protocol\Parser.js:76:12)
    at Protocol.write (G:\node\node-koa2\node_modules\_mysql@2.16.0@mysql\lib\protocol\Protocol.js:38:16)
    at Socket.<anonymous> (G:\node\node-koa2\node_modules\_mysql@2.16.0@mysql\lib\Connection.js:91:28)
    at Socket.<anonymous> (G:\node\node-koa2\node_modules\_mysql@2.16.0@mysql\lib\Connection.js:502:10)
    at emitOne (events.js:116:13)
    at Socket.emit (events.js:211:7)
    at addChunk (_stream_readable.js:263:12)
    at readableAddChunk (_stream_readable.js:250:11)
    at Socket.Readable.push (_stream_readable.js:208:10)
    at TCP.onread (net.js:601:20)
    --------------------
    at Pool.query (G:\node\node-koa2\node_modules\_mysql@2.16.0@mysql\lib\Pool.js:199:23)
    at MysqlStore.<anonymous> (G:\node\node-koa2\node_modules\_co-mysql@0.4.1@co-mysql\index.js:10:10)
    at next (G:\node\node-koa2\node_modules\_co@3.1.0@co\index.js:90:21)
    at MysqlStore.<anonymous> (G:\node\node-koa2\node_modules\_co@3.1.0@co\index.js:45:5)
    at new MysqlStore (G:\node\node-koa2\node_modules\_koa-mysql-session@0.0.2@koa-mysql-session\index.js:50:8)
    at Object.<anonymous> (G:\node\node-koa2\app.js:12:14)
    at Module._compile (module.js:653:30)
    at Object.Module._extensions..js (module.js:664:10)
    at Module.load (module.js:566:32)
    at tryModuleLoad (module.js:506:12)
    at Function.Module._load (module.js:498:3)
    at Module.require (module.js:597:17)
    at require (internal/module.js:11:18)
    at Object.<anonymous> (G:\node\node-koa2\bin\www:7:11)
    at Module._compile (module.js:653:30)
    at Object.Module._extensions..js (module.js:664:10)
Error: ER_NO_DB_ERROR: No database selected
    at Query.Sequence._packetToError (G:\node\node-koa2\node_modules\_mysql@2.16.0@mysql\lib\protocol\sequences\Sequence.js:47:14)
    at Query.ErrorPacket (G:\node\node-koa2\node_modules\_mysql@2.16.0@mysql\lib\protocol\sequences\Query.js:77:18)
    at Protocol._parsePacket (G:\node\node-koa2\node_modules\_mysql@2.16.0@mysql\lib\protocol\Protocol.js:278:23)
    at Parser.write (G:\node\node-koa2\node_modules\_mysql@2.16.0@mysql\lib\protocol\Parser.js:76:12)
    at Protocol.write (G:\node\node-koa2\node_modules\_mysql@2.16.0@mysql\lib\protocol\Protocol.js:38:16)
    at Socket.<anonymous> (G:\node\node-koa2\node_modules\_mysql@2.16.0@mysql\lib\Connection.js:91:28)
    at Socket.<anonymous> (G:\node\node-koa2\node_modules\_mysql@2.16.0@mysql\lib\Connection.js:502:10)
    at emitOne (events.js:116:13)
    at Socket.emit (events.js:211:7)
    at addChunk (_stream_readable.js:263:12)
    at readableAddChunk (_stream_readable.js:250:11)
    at Socket.Readable.push (_stream_readable.js:208:10)
    at TCP.onread (net.js:601:20)
    --------------------
    at Pool.query (G:\node\node-koa2\node_modules\_mysql@2.16.0@mysql\lib\Pool.js:199:23)
    at MysqlStore.<anonymous> (G:\node\node-koa2\node_modules\_co-mysql@0.4.1@co-mysql\index.js:10:10)
    at next (G:\node\node-koa2\node_modules\_co@3.1.0@co\index.js:90:21)
    at MysqlStore.<anonymous> (G:\node\node-koa2\node_modules\_co@3.1.0@co\index.js:45:5)
    at new MysqlStore (G:\node\node-koa2\node_modules\_koa-mysql-session@0.0.2@koa-mysql-session\index.js:50:8)
    at Object.<anonymous> (G:\node\node-koa2\app.js:12:14)
    at Module._compile (module.js:653:30)
    at Object.Module._extensions..js (module.js:664:10)
    at Module.load (module.js:566:32)
    at tryModuleLoad (module.js:506:12)
    at Function.Module._load (module.js:498:3)
    at Module.require (module.js:597:17)
    at require (internal/module.js:11:18)
    at Object.<anonymous> (G:\node\node-koa2\bin\www:7:11)
    at Module._compile (module.js:653:30)
    at Object.Module._extensions..js (module.js:664:10)
