[2019-03-07T17:13:01.912] [INFO] response - { method: 'GET',
  url: '/users/test',
  body: {},
  costTime: 2,
  response: { status: 200,
     message: 'OK',
     header: { 'content-type': 'application/json; charset=utf-8' },
     body: { code: 1, msg: 'success', message: '认证通过' } } }
[2019-03-07T17:13:40.274] [INFO] response - { method: 'GET',
  url: '/users/logout',
  body: {},
  costTime: 1,
  response: { status: 200,
     message: 'OK',
     header: { 'content-type': 'application/json; charset=utf-8' },
     body: { code: 1, msg: 'success', message: '退出登录' } } }
[2019-03-07T17:13:49.970] [INFO] response - { method: 'POST',
  url: '/users/login',
  body: { username: 'qwe', password: 'qwe' },
  costTime: 8,
  response: { status: 200,
     message: 'OK',
     header: { 'content-type': 'application/json; charset=utf-8' },
     body: { code: 1, msg: 'success', message: '登陆成功' } } }
[2019-03-07T17:14:01.744] [INFO] response - { method: 'GET',
  url: '/users/test',
  body: {},
  costTime: 2,
  response: { status: 200,
     message: 'OK',
     header: { 'content-type': 'application/json; charset=utf-8' },
     body: { code: 1, msg: 'success', message: '认证通过' } } }
[2019-03-07T17:15:23.822] [INFO] response - { method: 'GET',
  url: '/users/logout',
  body: {},
  costTime: 2,
  response: { status: 200,
     message: 'OK',
     header: { 'content-type': 'application/json; charset=utf-8' },
     body: { code: 1, msg: 'success', message: '退出登录' } } }
[2019-03-07T17:15:25.505] [INFO] response - { method: 'POST',
  url: '/users/login',
  body: { username: '123', password: 'edqw' },
  costTime: 5,
  response: { status: 200,
     message: 'OK',
     header: { 'content-type': 'application/json; charset=utf-8' },
     body: { code: 0, msg: 'password is wrong' } } }
[2019-03-07T17:16:02.541] [INFO] response - { method: 'POST',
  url: '/users/login',
  body: { username: '123', password: 'edqw' },
  costTime: 8,
  response: { status: 200,
     message: 'OK',
     header: { 'content-type': 'application/json; charset=utf-8' },
     body: { code: 0, msg: 'password is wrong' } } }
[2019-03-07T17:16:03.836] [INFO] response - { method: 'POST',
  url: '/users/login',
  body: { username: '123', password: '123' },
  costTime: 3,
  response: { status: 200,
     message: 'OK',
     header: { 'content-type': 'application/json; charset=utf-8' },
     body: { code: 1, msg: 'success', message: '登陆成功' } } }
[2019-03-07T17:16:06.896] [INFO] response - { method: 'GET',
  url: '/users/test1',
  body: {},
  costTime: 0,
  response: { status: 404, message: 'Not Found', header: {}, body: undefined } }
[2019-03-07T17:18:42.987] [INFO] response - { method: 'GET',
  url: '/users/test1',
  body: {},
  costTime: 0,
  response: { status: 404, message: 'Not Found', header: {}, body: undefined } }
[2019-03-07T17:18:49.773] [INFO] response - { method: 'GET',
  url: '/users/test',
  body: {},
  costTime: 2,
  response: { status: 200,
     message: 'OK',
     header: { 'content-type': 'application/json; charset=utf-8' },
     body: { code: 1, msg: 'success', message: '认证通过' } } }
[2019-03-07T18:06:59.838] [INFO] response - { method: 'GET',
  url: '/users/test',
  body: {},
  costTime: 1,
  response: { status: 200,
     message: 'OK',
     header: { 'content-type': 'application/json; charset=utf-8' },
     body: { code: 1, msg: 'success', message: '认证通过' } } }
[2019-03-07T18:08:40.298] [INFO] response - { method: 'GET',
  url: '/users/test',
  body: {},
  costTime: 1,
  response: { status: 200,
     message: 'OK',
     header: { 'content-type': 'application/json; charset=utf-8' },
     body: { code: 0, msg: 'failed', message: '请登录' } } }
[2019-03-07T18:08:43.344] [INFO] response - { method: 'GET',
  url: '/users/test',
  body: {},
  costTime: 1,
  response: { status: 200,
     message: 'OK',
     header: { 'content-type': 'application/json; charset=utf-8' },
     body: { code: 0, msg: 'failed', message: '请登录' } } }
[2019-03-07T18:08:49.521] [INFO] response - { method: 'POST',
  url: '/users/login',
  body: { username: 'asd', password: 'asd' },
  costTime: 7,
  response: { status: 200,
     message: 'OK',
     header: { 'content-type': 'application/json; charset=utf-8' },
     body: { code: 1, msg: 'success', message: '登陆成功' } } }
[2019-03-07T18:08:50.514] [INFO] response - { method: 'GET',
  url: '/users/test',
  body: {},
  costTime: 0,
  response: { status: 200,
     message: 'OK',
     header: { 'content-type': 'application/json; charset=utf-8' },
     body: { code: 1, msg: 'success', message: '认证通过' } } }
[2019-03-07T18:09:05.945] [INFO] response - { method: 'GET',
  url: '/users/test',
  body: {},
  costTime: 0,
  response: { status: 200,
     message: 'OK',
     header: { 'content-type': 'application/json; charset=utf-8' },
     body: { code: 0, msg: 'failed', message: '请登录' } } }
[2019-03-07T18:13:03.444] [INFO] response - { method: 'POST',
  url: '/users/login',
  body: { username: 'asd', password: 'asd' },
  costTime: 10,
  response: { status: 200,
     message: 'OK',
     header: { 'content-type': 'application/json; charset=utf-8' },
     body: { code: 1, msg: 'success', message: '登陆成功' } } }
[2019-03-07T18:13:28.229] [INFO] response - { method: 'GET',
  url: '/users/test',
  body: {},
  costTime: 0,
  response: { status: 200,
     message: 'OK',
     header: { 'content-type': 'application/json; charset=utf-8' },
     body: { code: 1, msg: 'success', message: '认证通过' } } }
[2019-03-07T18:13:31.760] [INFO] response - { method: 'GET',
  url: '/users/test',
  body: {},
  costTime: 0,
  response: { status: 200,
     message: 'OK',
     header: { 'content-type': 'application/json; charset=utf-8' },
     body: { code: 1, msg: 'success', message: '认证通过' } } }
[2019-03-07T18:21:34.132] [INFO] response - { method: 'GET',
  url: '/users/test',
  body: {},
  costTime: 0,
  response: { status: 200,
     message: 'OK',
     header: { 'content-type': 'application/json; charset=utf-8' },
     body: { code: 1, msg: 'success', message: '认证通过' } } }
[2019-03-07T18:21:40.926] [INFO] response - { method: 'GET',
  url: '/users/test',
  body: {},
  costTime: 0,
  response: { status: 200,
     message: 'OK',
     header: { 'content-type': 'application/json; charset=utf-8' },
     body: { code: 1, msg: 'success', message: '认证通过' } } }
[2019-03-07T18:21:43.458] [INFO] response - { method: 'GET',
  url: '/users/logout',
  body: {},
  costTime: 1,
  response: { status: 200,
     message: 'OK',
     header: { 'content-type': 'application/json; charset=utf-8' },
     body: { code: 1, msg: 'success', message: '退出登录' } } }
[2019-03-07T18:21:46.329] [INFO] response - { method: 'POST',
  url: '/users/login',
  body: { username: 'qwe', password: 'qwe' },
  costTime: 3,
  response: { status: 200,
     message: 'OK',
     header: { 'content-type': 'application/json; charset=utf-8' },
     body: { code: 1, msg: 'success', message: '登陆成功' } } }
[2019-03-07T18:37:25.814] [INFO] response - { method: 'POST',
  url: '/users/register',
  body: { username: 'zxc', password: 'zxc' },
  costTime: 0,
  response: { status: 404, message: 'Not Found', header: {}, body: undefined } }
[2019-03-07T18:37:44.239] [INFO] response - { method: 'POST',
  url: '/users/register',
  body: { username: 'zxc', password: 'zxc' },
  costTime: 1,
  response: { status: 404, message: 'Not Found', header: {}, body: undefined } }
[2019-03-07T20:46:50.929] [INFO] response - { method: 'POST',
  url: '/users/register',
  body: { username: 'tyu', password: 'tyu' },
  costTime: 1,
  response: { status: 404, message: 'Not Found', header: {}, body: undefined } }
[2019-03-07T20:55:40.031] [INFO] response - { method: 'POST',
  url: '/users/register',
  body: { username: 'tyu', password: 'tyu' },
  costTime: 2,
  response: { status: 404, message: 'Not Found', header: {}, body: undefined } }
[2019-03-07T20:55:44.640] [INFO] response - { method: 'POST',
  url: '/users/register',
  body: { username: 'tyu', password: 'tyu' },
  costTime: 1,
  response: { status: 404, message: 'Not Found', header: {}, body: undefined } }
[2019-03-07T20:57:59.488] [INFO] response - { method: 'POST',
  url: '/users/register',
  body: { username: 'ccc', password: 'ccc' },
  costTime: 1,
  response: { status: 404, message: 'Not Found', header: {}, body: undefined } }
[2019-03-07T20:58:58.194] [INFO] response - { method: 'POST',
  url: '/users/register',
  body: { username: 'ccc', password: 'ccc' },
  costTime: 2,
  response: { status: 404, message: 'Not Found', header: {}, body: undefined } }
[2019-03-07T20:59:11.374] [INFO] response - { method: 'POST',
  url: '/users/register',
  body: { username: 'ccc', password: 'ccc' },
  costTime: 1,
  response: { status: 404, message: 'Not Found', header: {}, body: undefined } }
[2019-03-07T21:00:07.835] [INFO] response - { method: 'POST',
  url: '/users/register',
  body: { username: 'ccc', password: 'ccc' },
  costTime: 1,
  response: { status: 404, message: 'Not Found', header: {}, body: undefined } }
[2019-03-07T21:02:20.353] [INFO] response - { method: 'POST',
  url: '/users/register',
  body: { username: 'zzz', password: 'zzz' },
  costTime: 1,
  response: { status: 404, message: 'Not Found', header: {}, body: undefined } }
[2019-03-07T21:03:34.135] [INFO] response - { method: 'POST',
  url: '/users/register',
  body: { username: 'adw', password: 'awd' },
  costTime: 1,
  response: { status: 404, message: 'Not Found', header: {}, body: undefined } }
[2019-03-07T21:03:37.806] [INFO] response - { method: 'POST',
  url: '/users/register',
  body: { username: 'adw', password: 'awd' },
  costTime: 1,
  response: { status: 404, message: 'Not Found', header: {}, body: undefined } }
[2019-03-07T21:04:52.068] [INFO] response - { method: 'POST',
  url: '/users/register',
  body: { username: 'adw', password: 'awd' },
  costTime: 1,
  response: { status: 404, message: 'Not Found', header: {}, body: undefined } }
[2019-03-07T21:04:57.415] [INFO] response - { method: 'POST',
  url: '/users/register',
  body: { username: 'adw', password: 'awd' },
  costTime: 0,
  response: { status: 404, message: 'Not Found', header: {}, body: undefined } }
[2019-03-07T21:05:35.997] [INFO] response - { method: 'POST',
  url: '/users/register',
  body: { username: 'adw', password: 'awd' },
  costTime: 9,
  response: { status: 200,
     message: 'OK',
     header: { 'content-type': 'application/json; charset=utf-8' },
     body: { code: 1, msg: 'success', message: '注册成功' } } }
[2019-03-07T21:05:43.312] [INFO] response - { method: 'POST',
  url: '/users/register',
  body: { username: '123', password: '123' },
  costTime: 10,
  response: { status: 200,
     message: 'OK',
     header: { 'content-type': 'application/json; charset=utf-8' },
     body: { code: 1, msg: 'success', message: '注册成功' } } }
