[2019-03-09T10:40:56.957] [INFO] response - { method: 'GET',
  url: '/lottery/index?id=1',
  body: {},
  costTime: 7,
  response: { status: 200,
     message: 'OK',
     header: { 'content-type': 'application/json; charset=utf-8' },
     body: { code: 1, msg: 'success', data: [Array] } } }
[2019-03-09T10:42:16.405] [INFO] response - { method: 'GET',
  url: '/lottery/index?id=1',
  body: {},
  costTime: 6,
  response: { status: 200,
     message: 'OK',
     header: { 'content-type': 'application/json; charset=utf-8' },
     body: { code: 1, msg: 'success', data: [Array] } } }
[2019-03-09T10:42:44.234] [INFO] response - { method: 'GET',
  url: '/lottery/index',
  body: {},
  costTime: 3,
  response: { status: 200,
     message: 'OK',
     header: { 'content-type': 'application/json; charset=utf-8' },
     body: { code: 1, msg: 'success', data: [Array] } } }
[2019-03-09T10:44:04.004] [INFO] response - { method: 'GET',
  url: '/lottery/index',
  body: {},
  costTime: 5,
  response: { status: 200,
     message: 'OK',
     header: { 'content-type': 'application/json; charset=utf-8' },
     body: { code: 1, msg: 'success', data: [Array] } } }
[2019-03-09T10:45:49.735] [INFO] response - { method: 'GET',
  url: '/lottery/index',
  body: {},
  costTime: 3,
  response: { status: 200,
     message: 'OK',
     header: { 'content-type': 'application/json; charset=utf-8' },
     body: { code: 1, msg: 'success', data: [Array] } } }
[2019-03-09T10:45:51.783] [INFO] response - { method: 'GET',
  url: '/lottery/index',
  body: {},
  costTime: 2,
  response: { status: 200,
     message: 'OK',
     header: { 'content-type': 'application/json; charset=utf-8' },
     body: { code: 1, msg: 'success', data: [Array] } } }
[2019-03-09T10:46:46.021] [INFO] response - { method: 'GET',
  url: '/lottery/index',
  body: {},
  costTime: 2,
  response: { status: 200,
     message: 'OK',
     header: { 'content-type': 'application/json; charset=utf-8' },
     body: { code: 1, msg: 'success', data: [Array] } } }
[2019-03-09T10:46:49.154] [INFO] response - { method: 'GET',
  url: '/lottery/index',
  body: {},
  costTime: 2,
  response: { status: 200,
     message: 'OK',
     header: { 'content-type': 'application/json; charset=utf-8' },
     body: { code: 1, msg: 'success', data: [Array] } } }
[2019-03-09T10:51:36.319] [INFO] response - { method: 'GET',
  url: '/lottery/index',
  body: {},
  costTime: 2,
  response: { status: 200,
     message: 'OK',
     header: { 'content-type': 'application/json; charset=utf-8' },
     body: { code: 1, msg: 'success', data: [Array] } } }
[2019-03-09T10:51:52.187] [INFO] response - { method: 'GET',
  url: '/lottery/index',
  body: {},
  costTime: 2,
  response: { status: 200,
     message: 'OK',
     header: { 'content-type': 'application/json; charset=utf-8' },
     body: { code: 1, msg: 'success', data: [Array] } } }
[2019-03-09T10:52:10.586] [INFO] response - { method: 'GET',
  url: '/lottery/index',
  body: {},
  costTime: 2,
  response: { status: 200,
     message: 'OK',
     header: { 'content-type': 'application/json; charset=utf-8' },
     body: { code: 1, msg: 'success', data: [Array] } } }
[2019-03-09T10:52:32.255] [INFO] response - { method: 'GET',
  url: '/lottery/index',
  body: {},
  costTime: 3,
  response: { status: 200,
     message: 'OK',
     header: { 'content-type': 'application/json; charset=utf-8' },
     body: { code: 1, msg: 'success', data: [Array] } } }
[2019-03-09T10:53:20.699] [INFO] response - { method: 'GET',
  url: '/lottery/index',
  body: {},
  costTime: 2,
  response: { status: 200,
     message: 'OK',
     header: { 'content-type': 'application/json; charset=utf-8' },
     body: { code: 1, msg: 'success', data: [Array] } } }
[2019-03-09T11:17:38.037] [INFO] response - { method: 'GET',
  url: '/lottery/index',
  body: {},
  costTime: 2,
  response: { status: 200,
     message: 'OK',
     header: { 'content-type': 'application/json; charset=utf-8' },
     body: { code: 1, msg: 'success', data: [Array] } } }
[2019-03-09T11:43:32.768] [INFO] response - { method: 'GET',
  url: '/users/logout',
  body: {},
  costTime: 0,
  response: { status: 200,
     message: 'OK',
     header: { 'content-type': 'application/json; charset=utf-8' },
     body: { code: 1, msg: 'success', message: '退出登录' } } }
[2019-03-09T11:53:24.170] [INFO] response - { method: 'POST',
  url: '/users/login',
  body: { username: 'qwe123', password: 'qwe123' },
  costTime: 4,
  response: { status: 200,
     message: 'OK',
     header: { 'content-type': 'application/json; charset=utf-8' },
     body: 
      { code: 1,
        msg: 'success',
        message: '登陆成功',
        csrf: 'Fdv6gWXt-YRGjiN4h1IQBP33O1M1TOzS8lOM' } } }
[2019-03-09T11:53:24.219] [INFO] response - { method: 'GET',
  url: '/lottery/index',
  body: {},
  costTime: 2,
  response: { status: 200,
     message: 'OK',
     header: { 'content-type': 'application/json; charset=utf-8' },
     body: { code: 1, msg: 'success', data: [Array] } } }
[2019-03-09T11:53:25.362] [INFO] response - { method: 'GET',
  url: '/users/logout',
  body: {},
  costTime: 0,
  response: { status: 200,
     message: 'OK',
     header: { 'content-type': 'application/json; charset=utf-8' },
     body: { code: 1, msg: 'success', message: '退出登录' } } }
[2019-03-09T11:56:03.073] [INFO] response - { method: 'POST',
  url: '/users/login',
  body: { username: 'qwe123', password: 'qwe123' },
  costTime: 2,
  response: { status: 200,
     message: 'OK',
     header: { 'content-type': 'application/json; charset=utf-8' },
     body: 
      { code: 1,
        msg: 'success',
        message: '登陆成功',
        csrf: 'AYSCHniA-u2zcXed5uSGPvjDsEREUhe7m3bs' } } }
[2019-03-09T11:56:03.114] [INFO] response - { method: 'GET',
  url: '/lottery/index',
  body: {},
  costTime: 2,
  response: { status: 200,
     message: 'OK',
     header: { 'content-type': 'application/json; charset=utf-8' },
     body: { code: 1, msg: 'success', data: [Array] } } }
