[2019-03-08T10:21:49.010] [INFO] response - { method: 'GET',
  url: '/users/logout',
  body: {},
  costTime: 1,
  response: { status: 200,
     message: 'OK',
     header: { 'content-type': 'application/json; charset=utf-8' },
     body: { code: 1, msg: 'success', message: '退出登录' } } }
[2019-03-08T10:21:53.341] [INFO] response - { method: 'POST',
  url: '/users/register',
  body: { username: 'qwe', password: 'qwe' },
  costTime: 7,
  response: { status: 200,
     message: 'OK',
     header: { 'content-type': 'application/json; charset=utf-8' },
     body: { code: 1, msg: 'success', message: '注册成功' } } }
[2019-03-08T10:22:01.175] [INFO] response - { method: 'POST',
  url: '/users/register',
  body: { username: 'qwe', password: 'qwe' },
  costTime: 3,
  response: { status: 200,
     message: 'OK',
     header: { 'content-type': 'application/json; charset=utf-8' },
     body: { code: 1, msg: 'success', message: '注册成功' } } }
[2019-03-08T10:22:44.508] [INFO] response - { method: 'POST',
  url: '/users/register',
  body: { username: 'qwe1', password: 'qwe1' },
  costTime: 9,
  response: { status: 200,
     message: 'OK',
     header: { 'content-type': 'application/json; charset=utf-8' },
     body: { code: 1, msg: 'success', message: '注册成功' } } }
[2019-03-08T10:38:59.077] [INFO] response - { method: 'POST',
  url: '/users/register',
  body: { username: '1234', password: '1234' },
  costTime: 6,
  response: { status: 404, message: 'Not Found', header: {}, body: undefined } }
[2019-03-08T10:39:15.567] [INFO] response - { method: 'POST',
  url: '/users/register',
  body: { username: '123', password: '123' },
  costTime: 3,
  response: { status: 404, message: 'Not Found', header: {}, body: undefined } }
[2019-03-08T10:39:30.132] [INFO] response - { method: 'POST',
  url: '/users/register',
  body: { username: 'qwe', password: '123' },
  costTime: 3,
  response: { status: 404, message: 'Not Found', header: {}, body: undefined } }
[2019-03-08T10:39:50.429] [INFO] response - { method: 'POST',
  url: '/users/register',
  body: { username: 'qwe', password: '123' },
  costTime: 7,
  response: { status: 404, message: 'Not Found', header: {}, body: undefined } }
[2019-03-08T10:42:25.428] [INFO] response - { method: 'POST',
  url: '/users/register',
  body: { username: 'qwe', password: '123' },
  costTime: 6,
  response: { status: 200,
     message: 'OK',
     header: { 'content-type': 'application/json; charset=utf-8' },
     body: { code: 0, msg: 'faild', message: '账号已存在' } } }
[2019-03-08T10:45:05.866] [INFO] response - { method: 'POST',
  url: '/users/register',
  body: { username: 'qwe', password: '123' },
  costTime: 3,
  response: { status: 200,
     message: 'OK',
     header: { 'content-type': 'application/json; charset=utf-8' },
     body: { code: 0, msg: 'faild', message: '账号已存在' } } }
[2019-03-08T10:45:22.812] [INFO] response - { method: 'POST',
  url: '/users/register',
  body: { username: 'qwe', password: '123' },
  costTime: 7,
  response: { status: 200,
     message: 'OK',
     header: { 'content-type': 'application/json; charset=utf-8' },
     body: { code: 0, msg: 'faild', message: '账号已存在' } } }
[2019-03-08T10:45:26.718] [INFO] response - { method: 'POST',
  url: '/users/register',
  body: { username: 'qwe', password: '123' },
  costTime: 3,
  response: { status: 200,
     message: 'OK',
     header: { 'content-type': 'application/json; charset=utf-8' },
     body: { code: 0, msg: 'faild', message: '账号已存在' } } }
[2019-03-08T10:49:15.642] [INFO] response - { method: 'POST',
  url: '/users/register',
  body: { username: 'qwe1', password: 'qwe1' },
  costTime: 5,
  response: { status: 404, message: 'Not Found', header: {}, body: undefined } }
[2019-03-08T10:49:24.662] [INFO] response - { method: 'POST',
  url: '/users/register',
  body: { username: 'qwe1', password: 'qwe1' },
  costTime: 2,
  response: { status: 404, message: 'Not Found', header: {}, body: undefined } }
[2019-03-08T10:50:14.922] [INFO] response - { method: 'POST',
  url: '/users/register',
  body: { username: 'qwe1', password: 'qwe1' },
  costTime: 6,
  response: { status: 404, message: 'Not Found', header: {}, body: undefined } }
[2019-03-08T10:50:59.741] [INFO] response - { method: 'POST',
  url: '/users/register',
  body: { username: 'qwe1', password: 'qwe1' },
  costTime: 8,
  response: { status: 200,
     message: 'OK',
     header: { 'content-type': 'application/json; charset=utf-8' },
     body: { code: 1, msg: 'success', message: '注册成功' } } }
[2019-03-08T10:51:17.659] [INFO] response - { method: 'POST',
  url: '/users/register',
  body: { username: 'qwe1', password: 'qwe1' },
  costTime: 5,
  response: { status: 200,
     message: 'OK',
     header: { 'content-type': 'application/json; charset=utf-8' },
     body: { code: 1, msg: 'success', message: '注册成功' } } }
[2019-03-08T10:51:19.087] [INFO] response - { method: 'POST',
  url: '/users/register',
  body: { username: 'qwe1', password: 'qwe1' },
  costTime: 5,
  response: { status: 200,
     message: 'OK',
     header: { 'content-type': 'application/json; charset=utf-8' },
     body: { code: 1, msg: 'success', message: '注册成功' } } }
[2019-03-08T10:51:47.542] [INFO] response - { method: 'POST',
  url: '/users/register',
  body: { username: 'qwe1', password: 'qwe1' },
  costTime: 9,
  response: { status: 200,
     message: 'OK',
     header: { 'content-type': 'application/json; charset=utf-8' },
     body: { code: 1, msg: 'success', message: '注册成功' } } }
[2019-03-08T10:51:48.393] [INFO] response - { method: 'POST',
  url: '/users/register',
  body: { username: 'qwe1', password: 'qwe1' },
  costTime: 5,
  response: { status: 200,
     message: 'OK',
     header: { 'content-type': 'application/json; charset=utf-8' },
     body: { code: 1, msg: 'success', message: '注册成功' } } }
[2019-03-08T10:51:48.552] [INFO] response - { method: 'POST',
  url: '/users/register',
  body: { username: 'qwe1', password: 'qwe1' },
  costTime: 5,
  response: { status: 200,
     message: 'OK',
     header: { 'content-type': 'application/json; charset=utf-8' },
     body: { code: 1, msg: 'success', message: '注册成功' } } }
[2019-03-08T10:52:26.011] [INFO] response - { method: 'POST',
  url: '/users/register',
  body: { username: 'qwe1', password: 'qwe1' },
  costTime: 7,
  response: { status: 200,
     message: 'OK',
     header: { 'content-type': 'application/json; charset=utf-8' },
     body: { code: 0, msg: 'faild', message: '账号已存在' } } }
[2019-03-08T10:52:44.566] [INFO] response - { method: 'POST',
  url: '/users/register',
  body: { username: 'qwe1', password: 'qwe1' },
  costTime: 3,
  response: { status: 200,
     message: 'OK',
     header: { 'content-type': 'application/json; charset=utf-8' },
     body: { code: 0, msg: 'faild', message: '账号已存在' } } }
[2019-03-08T10:52:51.128] [INFO] response - { method: 'POST',
  url: '/users/register',
  body: { username: 'qwe1124', password: 'qwe1' },
  costTime: 6,
  response: { status: 200,
     message: 'OK',
     header: { 'content-type': 'application/json; charset=utf-8' },
     body: { code: 1, msg: 'success', message: '注册成功' } } }
[2019-03-08T10:53:11.981] [INFO] response - { method: 'POST',
  url: '/users/register',
  body: { username: 'qwe1124', password: 'qwe1' },
  costTime: 7,
  response: { status: 200,
     message: 'OK',
     header: { 'content-type': 'application/json; charset=utf-8' },
     body: { code: 0, msg: 'faild', message: '账号已存在' } } }
[2019-03-08T10:56:27.334] [INFO] response - { method: 'POST',
  url: '/users/register',
  body: { username: '123', password: '123' },
  costTime: 9,
  response: { status: 200,
     message: 'OK',
     header: { 'content-type': 'application/json; charset=utf-8' },
     body: { code: 1, msg: 'success', message: '注册成功' } } }
[2019-03-08T10:56:29.564] [INFO] response - { method: 'POST',
  url: '/users/register',
  body: { username: '123', password: '123' },
  costTime: 3,
  response: { status: 200,
     message: 'OK',
     header: { 'content-type': 'application/json; charset=utf-8' },
     body: { code: 0, msg: 'faild', message: '账号已存在' } } }
[2019-03-08T10:56:46.175] [INFO] response - { method: 'POST',
  url: '/users/register',
  body: { username: '124', password: '124124' },
  costTime: 5,
  response: { status: 200,
     message: 'OK',
     header: { 'content-type': 'application/json; charset=utf-8' },
     body: { code: 1, msg: 'success', message: '注册成功' } } }
[2019-03-08T10:56:47.555] [INFO] response - { method: 'POST',
  url: '/users/register',
  body: { username: '124', password: '124124' },
  costTime: 2,
  response: { status: 200,
     message: 'OK',
     header: { 'content-type': 'application/json; charset=utf-8' },
     body: { code: 0, msg: 'faild', message: '账号已存在' } } }
[2019-03-08T10:56:50.148] [INFO] response - { method: 'POST',
  url: '/users/login',
  body: { username: '124', password: '124124' },
  costTime: 3,
  response: { status: 200,
     message: 'OK',
     header: { 'content-type': 'application/json; charset=utf-8' },
     body: { code: 0, msg: 'password is wrong' } } }
[2019-03-08T10:57:16.624] [INFO] response - { method: 'POST',
  url: '/users/login',
  body: { username: '124', password: '124124' },
  costTime: 3,
  response: { status: 200,
     message: 'OK',
     header: { 'content-type': 'application/json; charset=utf-8' },
     body: { code: 0, msg: 'password is wrong' } } }
[2019-03-08T10:58:13.846] [INFO] response - { method: 'POST',
  url: '/users/login',
  body: { username: '124', password: '124124' },
  costTime: 8,
  response: { status: 200,
     message: 'OK',
     header: { 'content-type': 'application/json; charset=utf-8' },
     body: { code: 0, msg: 'password is wrong' } } }
[2019-03-08T10:58:23.912] [INFO] response - { method: 'POST',
  url: '/users/login',
  body: { username: '124', password: '124124' },
  costTime: 9,
  response: { status: 200,
     message: 'OK',
     header: { 'content-type': 'application/json; charset=utf-8' },
     body: { code: 0, msg: 'password is wrong' } } }
[2019-03-08T11:01:58.379] [INFO] response - { method: 'POST',
  url: '/users/login',
  body: { username: '124', password: '124124' },
  costTime: 8,
  response: { status: 200,
     message: 'OK',
     header: { 'content-type': 'application/json; charset=utf-8' },
     body: { code: 1, msg: 'success', message: '登陆成功' } } }
[2019-03-08T11:02:22.956] [INFO] response - { method: 'GET',
  url: '/users/logout',
  body: {},
  costTime: 1,
  response: { status: 200,
     message: 'OK',
     header: { 'content-type': 'application/json; charset=utf-8' },
     body: { code: 1, msg: 'success', message: '退出登录' } } }
[2019-03-08T11:02:25.758] [INFO] response - { method: 'POST',
  url: '/users/login',
  body: { username: '123', password: '124124124' },
  costTime: 6,
  response: { status: 200,
     message: 'OK',
     header: { 'content-type': 'application/json; charset=utf-8' },
     body: { code: 0, msg: '密码错误' } } }
[2019-03-08T11:05:24.345] [INFO] response - { method: 'POST',
  url: '/users/register',
  body: { username: '124124', password: '124124' },
  costTime: 4,
  response: { status: 200,
     message: 'OK',
     header: { 'content-type': 'application/json; charset=utf-8' },
     body: { code: 1, msg: 'success', message: '注册成功' } } }
[2019-03-08T11:05:25.287] [INFO] response - { method: 'POST',
  url: '/users/register',
  body: { username: '124124', password: '124124' },
  costTime: 2,
  response: { status: 200,
     message: 'OK',
     header: { 'content-type': 'application/json; charset=utf-8' },
     body: { code: 0, msg: 'faild', message: '账号已存在' } } }
[2019-03-08T11:05:26.447] [INFO] response - { method: 'POST',
  url: '/users/login',
  body: { username: '124124', password: '124124' },
  costTime: 2,
  response: { status: 200,
     message: 'OK',
     header: { 'content-type': 'application/json; charset=utf-8' },
     body: { code: 1, msg: 'success', message: '登陆成功' } } }
[2019-03-08T11:05:28.817] [INFO] response - { method: 'GET',
  url: '/users/logout',
  body: {},
  costTime: 0,
  response: { status: 200,
     message: 'OK',
     header: { 'content-type': 'application/json; charset=utf-8' },
     body: { code: 1, msg: 'success', message: '退出登录' } } }
[2019-03-08T11:05:32.220] [INFO] response - { method: 'POST',
  url: '/users/login',
  body: { username: '123', password: '124124124124' },
  costTime: 2,
  response: { status: 200,
     message: 'OK',
     header: { 'content-type': 'application/json; charset=utf-8' },
     body: { code: 0, msg: '密码错误' } } }
[2019-03-08T11:05:37.950] [INFO] response - { method: 'POST',
  url: '/users/login',
  body: { username: '123', password: '124124124124' },
  costTime: 2,
  response: { status: 200,
     message: 'OK',
     header: { 'content-type': 'application/json; charset=utf-8' },
     body: { code: 0, msg: '密码错误' } } }
[2019-03-08T11:05:46.141] [INFO] response - { method: 'POST',
  url: '/users/login',
  body: { username: '123', password: '124124124124' },
  costTime: 2,
  response: { status: 200,
     message: 'OK',
     header: { 'content-type': 'application/json; charset=utf-8' },
     body: { code: 0, msg: '密码错误' } } }
[2019-03-08T11:06:02.018] [INFO] response - { method: 'POST',
  url: '/users/login',
  body: { username: '123', password: '124124124' },
  costTime: 2,
  response: { status: 200,
     message: 'OK',
     header: { 'content-type': 'application/json; charset=utf-8' },
     body: { code: 0, msg: '密码错误' } } }
[2019-03-08T11:06:04.543] [INFO] response - { method: 'POST',
  url: '/users/login',
  body: { username: '123', password: '124124124' },
  costTime: 3,
  response: { status: 200,
     message: 'OK',
     header: { 'content-type': 'application/json; charset=utf-8' },
     body: { code: 0, msg: '密码错误' } } }
[2019-03-08T11:06:05.598] [INFO] response - { method: 'POST',
  url: '/users/login',
  body: { username: '123', password: '124124124' },
  costTime: 1,
  response: { status: 200,
     message: 'OK',
     header: { 'content-type': 'application/json; charset=utf-8' },
     body: { code: 0, msg: '密码错误' } } }
[2019-03-08T11:06:57.507] [INFO] response - { method: 'POST',
  url: '/users/login',
  body: { username: '123', password: '124124124' },
  costTime: 7,
  response: { status: 200,
     message: 'OK',
     header: { 'content-type': 'application/json; charset=utf-8' },
     body: { code: 0, msg: 'faild', message: '密码错误' } } }
[2019-03-08T11:07:15.448] [INFO] response - { method: 'POST',
  url: '/users/login',
  body: { username: '123', password: '124124124' },
  costTime: 9,
  response: { status: 200,
     message: 'OK',
     header: { 'content-type': 'application/json; charset=utf-8' },
     body: { code: 0, msg: 'faild', message: '密码错误' } } }
[2019-03-08T11:13:38.105] [INFO] response - { method: 'POST',
  url: '/users/login',
  body: { username: '123', password: '124124124' },
  costTime: 3,
  response: { status: 200,
     message: 'OK',
     header: { 'content-type': 'application/json; charset=utf-8' },
     body: { code: 0, msg: 'faild', message: '密码错误' } } }
[2019-03-08T11:14:03.392] [INFO] response - { method: 'POST',
  url: '/users/register',
  body: { username: '123', password: '124124124' },
  costTime: 2,
  response: { status: 200,
     message: 'OK',
     header: { 'content-type': 'application/json; charset=utf-8' },
     body: { code: 0, msg: 'faild', message: '账号已存在' } } }
[2019-03-08T11:14:04.821] [INFO] response - { method: 'POST',
  url: '/users/register',
  body: { username: '123', password: '124124124' },
  costTime: 2,
  response: { status: 200,
     message: 'OK',
     header: { 'content-type': 'application/json; charset=utf-8' },
     body: { code: 0, msg: 'faild', message: '账号已存在' } } }
[2019-03-08T11:14:36.651] [INFO] response - { method: 'POST',
  url: '/users/login',
  body: { username: '123', password: '124124124' },
  costTime: 2,
  response: { status: 200,
     message: 'OK',
     header: { 'content-type': 'application/json; charset=utf-8' },
     body: { code: 0, msg: 'faild', message: '密码错误' } } }
[2019-03-08T11:14:37.460] [INFO] response - { method: 'POST',
  url: '/users/register',
  body: { username: '123', password: '124124124' },
  costTime: 2,
  response: { status: 200,
     message: 'OK',
     header: { 'content-type': 'application/json; charset=utf-8' },
     body: { code: 0, msg: 'faild', message: '账号已存在' } } }
[2019-03-08T11:14:46.404] [INFO] response - { method: 'POST',
  url: '/users/register',
  body: { username: '123', password: '124124124' },
  costTime: 2,
  response: { status: 200,
     message: 'OK',
     header: { 'content-type': 'application/json; charset=utf-8' },
     body: { code: 0, msg: 'faild', message: '账号已存在' } } }
[2019-03-08T11:14:47.216] [INFO] response - { method: 'POST',
  url: '/users/login',
  body: { username: '123', password: '124124124' },
  costTime: 2,
  response: { status: 200,
     message: 'OK',
     header: { 'content-type': 'application/json; charset=utf-8' },
     body: { code: 0, msg: 'faild', message: '密码错误' } } }
[2019-03-08T11:14:48.428] [INFO] response - { method: 'POST',
  url: '/users/register',
  body: { username: '123', password: '124124124' },
  costTime: 2,
  response: { status: 200,
     message: 'OK',
     header: { 'content-type': 'application/json; charset=utf-8' },
     body: { code: 0, msg: 'faild', message: '账号已存在' } } }
[2019-03-08T11:14:50.509] [INFO] response - { method: 'POST',
  url: '/users/register',
  body: { username: '123', password: '124124124' },
  costTime: 2,
  response: { status: 200,
     message: 'OK',
     header: { 'content-type': 'application/json; charset=utf-8' },
     body: { code: 0, msg: 'faild', message: '账号已存在' } } }
[2019-03-08T11:14:51.068] [INFO] response - { method: 'POST',
  url: '/users/register',
  body: { username: '123', password: '124124124' },
  costTime: 2,
  response: { status: 200,
     message: 'OK',
     header: { 'content-type': 'application/json; charset=utf-8' },
     body: { code: 0, msg: 'faild', message: '账号已存在' } } }
[2019-03-08T11:14:51.227] [INFO] response - { method: 'POST',
  url: '/users/register',
  body: { username: '123', password: '124124124' },
  costTime: 1,
  response: { status: 200,
     message: 'OK',
     header: { 'content-type': 'application/json; charset=utf-8' },
     body: { code: 0, msg: 'faild', message: '账号已存在' } } }
[2019-03-08T11:14:51.383] [INFO] response - { method: 'POST',
  url: '/users/register',
  body: { username: '123', password: '124124124' },
  costTime: 3,
  response: { status: 200,
     message: 'OK',
     header: { 'content-type': 'application/json; charset=utf-8' },
     body: { code: 0, msg: 'faild', message: '账号已存在' } } }
[2019-03-08T11:14:51.524] [INFO] response - { method: 'POST',
  url: '/users/register',
  body: { username: '123', password: '124124124' },
  costTime: 2,
  response: { status: 200,
     message: 'OK',
     header: { 'content-type': 'application/json; charset=utf-8' },
     body: { code: 0, msg: 'faild', message: '账号已存在' } } }
[2019-03-08T11:14:51.662] [INFO] response - { method: 'POST',
  url: '/users/register',
  body: { username: '123', password: '124124124' },
  costTime: 2,
  response: { status: 200,
     message: 'OK',
     header: { 'content-type': 'application/json; charset=utf-8' },
     body: { code: 0, msg: 'faild', message: '账号已存在' } } }
[2019-03-08T11:14:51.803] [INFO] response - { method: 'POST',
  url: '/users/register',
  body: { username: '123', password: '124124124' },
  costTime: 1,
  response: { status: 200,
     message: 'OK',
     header: { 'content-type': 'application/json; charset=utf-8' },
     body: { code: 0, msg: 'faild', message: '账号已存在' } } }
[2019-03-08T11:14:53.028] [INFO] response - { method: 'POST',
  url: '/users/register',
  body: { username: '123', password: '124124124' },
  costTime: 2,
  response: { status: 200,
     message: 'OK',
     header: { 'content-type': 'application/json; charset=utf-8' },
     body: { code: 0, msg: 'faild', message: '账号已存在' } } }
[2019-03-08T11:15:02.374] [INFO] response - { method: 'POST',
  url: '/users/register',
  body: { username: '123', password: '124124124' },
  costTime: 2,
  response: { status: 200,
     message: 'OK',
     header: { 'content-type': 'application/json; charset=utf-8' },
     body: { code: 0, msg: 'faild', message: '账号已存在' } } }
[2019-03-08T11:15:16.927] [INFO] response - { method: 'POST',
  url: '/users/register',
  body: { username: '123', password: '124124124' },
  costTime: 2,
  response: { status: 200,
     message: 'OK',
     header: { 'content-type': 'application/json; charset=utf-8' },
     body: { code: 0, msg: 'faild', message: '账号已存在' } } }
[2019-03-08T11:15:19.805] [INFO] response - { method: 'POST',
  url: '/users/register',
  body: { username: '123', password: '124124124' },
  costTime: 2,
  response: { status: 200,
     message: 'OK',
     header: { 'content-type': 'application/json; charset=utf-8' },
     body: { code: 0, msg: 'faild', message: '账号已存在' } } }
[2019-03-08T11:15:44.958] [INFO] response - { method: 'POST',
  url: '/users/register',
  body: { username: '123', password: '124124124' },
  costTime: 3,
  response: { status: 200,
     message: 'OK',
     header: { 'content-type': 'application/json; charset=utf-8' },
     body: { code: 0, msg: 'faild', message: '账号已存在' } } }
[2019-03-08T11:16:12.501] [INFO] response - { method: 'POST',
  url: '/users/register',
  body: { username: '123', password: '124124124' },
  costTime: 2,
  response: { status: 200,
     message: 'OK',
     header: { 'content-type': 'application/json; charset=utf-8' },
     body: { code: 0, msg: 'faild', message: '账号已存在' } } }
[2019-03-08T11:16:15.975] [INFO] response - { method: 'POST',
  url: '/users/register',
  body: { username: '123', password: '124124124' },
  costTime: 2,
  response: { status: 200,
     message: 'OK',
     header: { 'content-type': 'application/json; charset=utf-8' },
     body: { code: 0, msg: 'faild', message: '账号已存在' } } }
[2019-03-08T11:16:16.672] [INFO] response - { method: 'POST',
  url: '/users/login',
  body: { username: '123', password: '124124124' },
  costTime: 2,
  response: { status: 200,
     message: 'OK',
     header: { 'content-type': 'application/json; charset=utf-8' },
     body: { code: 0, msg: 'faild', message: '密码错误' } } }
[2019-03-08T11:16:18.255] [INFO] response - { method: 'POST',
  url: '/users/login',
  body: { username: '123', password: '124124124' },
  costTime: 2,
  response: { status: 200,
     message: 'OK',
     header: { 'content-type': 'application/json; charset=utf-8' },
     body: { code: 0, msg: 'faild', message: '密码错误' } } }
[2019-03-08T11:16:20.601] [INFO] response - { method: 'POST',
  url: '/users/login',
  body: { username: '123', password: '124124124' },
  costTime: 3,
  response: { status: 200,
     message: 'OK',
     header: { 'content-type': 'application/json; charset=utf-8' },
     body: { code: 0, msg: 'faild', message: '密码错误' } } }
[2019-03-08T11:16:54.608] [INFO] response - { method: 'POST',
  url: '/users/login',
  body: { username: '123', password: '124124124' },
  costTime: 2,
  response: { status: 200,
     message: 'OK',
     header: { 'content-type': 'application/json; charset=utf-8' },
     body: { code: 0, msg: 'faild', message: '密码错误' } } }
[2019-03-08T11:17:27.542] [INFO] response - { method: 'POST',
  url: '/users/login',
  body: { username: '123', password: '124124124' },
  costTime: 3,
  response: { status: 200,
     message: 'OK',
     header: { 'content-type': 'application/json; charset=utf-8' },
     body: { code: 0, msg: 'faild', message: '密码错误' } } }
[2019-03-08T11:18:20.025] [INFO] response - { method: 'POST',
  url: '/users/login',
  body: { username: '123', password: '124124124' },
  costTime: 2,
  response: { status: 200,
     message: 'OK',
     header: { 'content-type': 'application/json; charset=utf-8' },
     body: { code: 0, msg: 'faild', message: '密码错误' } } }
[2019-03-08T11:18:20.679] [INFO] response - { method: 'POST',
  url: '/users/register',
  body: { username: '123', password: '124124124' },
  costTime: 3,
  response: { status: 200,
     message: 'OK',
     header: { 'content-type': 'application/json; charset=utf-8' },
     body: { code: 0, msg: 'faild', message: '账号已存在' } } }
[2019-03-08T11:18:21.293] [INFO] response - { method: 'POST',
  url: '/users/login',
  body: { username: '123', password: '124124124' },
  costTime: 3,
  response: { status: 200,
     message: 'OK',
     header: { 'content-type': 'application/json; charset=utf-8' },
     body: { code: 0, msg: 'faild', message: '密码错误' } } }
[2019-03-08T11:18:21.559] [INFO] response - { method: 'POST',
  url: '/users/register',
  body: { username: '123', password: '124124124' },
  costTime: 2,
  response: { status: 200,
     message: 'OK',
     header: { 'content-type': 'application/json; charset=utf-8' },
     body: { code: 0, msg: 'faild', message: '账号已存在' } } }
[2019-03-08T11:18:34.543] [INFO] response - { method: 'POST',
  url: '/users/login',
  body: { username: '123', password: '12412412' },
  costTime: 3,
  response: { status: 200,
     message: 'OK',
     header: { 'content-type': 'application/json; charset=utf-8' },
     body: { code: 0, msg: 'faild', message: '密码错误' } } }
[2019-03-08T11:18:55.345] [INFO] response - { method: 'POST',
  url: '/users/register',
  body: { username: '123', password: '12412412' },
  costTime: 3,
  response: { status: 200,
     message: 'OK',
     header: { 'content-type': 'application/json; charset=utf-8' },
     body: { code: 0, msg: 'faild', message: '账号已存在' } } }
[2019-03-08T11:19:14.102] [INFO] response - { method: 'POST',
  url: '/users/register',
  body: { username: '123', password: '214124' },
  costTime: 3,
  response: { status: 200,
     message: 'OK',
     header: { 'content-type': 'application/json; charset=utf-8' },
     body: { code: 0, msg: 'faild', message: '账号已存在' } } }
[2019-03-08T11:19:35.837] [INFO] response - { method: 'POST',
  url: '/users/register',
  body: { username: '123', password: '124124' },
  costTime: 2,
  response: { status: 200,
     message: 'OK',
     header: { 'content-type': 'application/json; charset=utf-8' },
     body: { code: 0, msg: 'faild', message: '账号已存在' } } }
[2019-03-08T11:19:45.031] [INFO] response - { method: 'POST',
  url: '/users/register',
  body: { username: '123', password: '124124124' },
  costTime: 2,
  response: { status: 200,
     message: 'OK',
     header: { 'content-type': 'application/json; charset=utf-8' },
     body: { code: 0, msg: 'faild', message: '账号已存在' } } }
[2019-03-08T11:19:46.110] [INFO] response - { method: 'POST',
  url: '/users/register',
  body: { username: '123', password: '124124124' },
  costTime: 2,
  response: { status: 200,
     message: 'OK',
     header: { 'content-type': 'application/json; charset=utf-8' },
     body: { code: 0, msg: 'faild', message: '账号已存在' } } }
[2019-03-08T11:20:16.825] [INFO] response - { method: 'POST',
  url: '/users/register',
  body: { username: '123', password: '12412421' },
  costTime: 3,
  response: { status: 200,
     message: 'OK',
     header: { 'content-type': 'application/json; charset=utf-8' },
     body: { code: 0, msg: 'faild', message: '账号已存在' } } }
[2019-03-08T11:20:26.733] [INFO] response - { method: 'POST',
  url: '/users/register',
  body: { username: '123', password: '124124' },
  costTime: 2,
  response: { status: 200,
     message: 'OK',
     header: { 'content-type': 'application/json; charset=utf-8' },
     body: { code: 0, msg: 'faild', message: '账号已存在' } } }
[2019-03-08T11:20:30.002] [INFO] response - { method: 'POST',
  url: '/users/register',
  body: { username: '123213', password: '12442141' },
  costTime: 5,
  response: { status: 200,
     message: 'OK',
     header: { 'content-type': 'application/json; charset=utf-8' },
     body: { code: 1, msg: 'success', message: '注册成功' } } }
[2019-03-08T11:20:32.348] [INFO] response - { method: 'POST',
  url: '/users/register',
  body: { username: '123213', password: '12442141' },
  costTime: 2,
  response: { status: 200,
     message: 'OK',
     header: { 'content-type': 'application/json; charset=utf-8' },
     body: { code: 0, msg: 'faild', message: '账号已存在' } } }
[2019-03-08T11:20:46.469] [INFO] response - { method: 'POST',
  url: '/users/register',
  body: { username: '123', password: '124124' },
  costTime: 1,
  response: { status: 200,
     message: 'OK',
     header: { 'content-type': 'application/json; charset=utf-8' },
     body: { code: 0, msg: 'faild', message: '账号已存在' } } }
[2019-03-08T11:20:55.269] [INFO] response - { method: 'POST',
  url: '/users/register',
  body: { username: '123', password: '124124' },
  costTime: 2,
  response: { status: 200,
     message: 'OK',
     header: { 'content-type': 'application/json; charset=utf-8' },
     body: { code: 0, msg: 'faild', message: '账号已存在' } } }
[2019-03-08T11:21:22.766] [INFO] response - { method: 'POST',
  url: '/users/register',
  body: { username: '123', password: '124124' },
  costTime: 2,
  response: { status: 200,
     message: 'OK',
     header: { 'content-type': 'application/json; charset=utf-8' },
     body: { code: 0, msg: 'faild', message: '账号已存在' } } }
[2019-03-08T11:21:24.949] [INFO] response - { method: 'POST',
  url: '/users/login',
  body: { username: '123', password: '124124' },
  costTime: 2,
  response: { status: 200,
     message: 'OK',
     header: { 'content-type': 'application/json; charset=utf-8' },
     body: { code: 0, msg: 'faild', message: '密码错误' } } }
[2019-03-08T11:21:45.677] [INFO] response - { method: 'POST',
  url: '/users/register',
  body: { username: '123', password: '124124124' },
  costTime: 2,
  response: { status: 200,
     message: 'OK',
     header: { 'content-type': 'application/json; charset=utf-8' },
     body: { code: 0, msg: 'faild', message: '账号已存在' } } }
[2019-03-08T11:21:47.140] [INFO] response - { method: 'POST',
  url: '/users/login',
  body: { username: '123', password: '124124124' },
  costTime: 1,
  response: { status: 200,
     message: 'OK',
     header: { 'content-type': 'application/json; charset=utf-8' },
     body: { code: 0, msg: 'faild', message: '密码错误' } } }
[2019-03-08T11:21:49.141] [INFO] response - { method: 'POST',
  url: '/users/login',
  body: { username: '123', password: '123' },
  costTime: 3,
  response: { status: 200,
     message: 'OK',
     header: { 'content-type': 'application/json; charset=utf-8' },
     body: { code: 1, msg: 'success', message: '登陆成功' } } }
[2019-03-08T11:25:27.976] [INFO] response - { method: 'GET',
  url: '/users/test',
  body: {},
  costTime: 0,
  response: { status: 200,
     message: 'OK',
     header: { 'content-type': 'application/json; charset=utf-8' },
     body: { code: 1, msg: 'success', message: '认证通过' } } }
[2019-03-08T11:25:28.818] [INFO] response - { method: 'GET',
  url: '/users/test',
  body: {},
  costTime: 0,
  response: { status: 200,
     message: 'OK',
     header: { 'content-type': 'application/json; charset=utf-8' },
     body: { code: 1, msg: 'success', message: '认证通过' } } }
[2019-03-08T11:25:28.964] [INFO] response - { method: 'GET',
  url: '/users/test',
  body: {},
  costTime: 0,
  response: { status: 200,
     message: 'OK',
     header: { 'content-type': 'application/json; charset=utf-8' },
     body: { code: 1, msg: 'success', message: '认证通过' } } }
[2019-03-08T11:25:32.178] [INFO] response - { method: 'GET',
  url: '/users/logout',
  body: {},
  costTime: 0,
  response: { status: 200,
     message: 'OK',
     header: { 'content-type': 'application/json; charset=utf-8' },
     body: { code: 1, msg: 'success', message: '退出登录' } } }
[2019-03-08T11:25:35.884] [INFO] response - { method: 'GET',
  url: '/users/test',
  body: {},
  costTime: 0,
  response: { status: 200,
     message: 'OK',
     header: { 'content-type': 'application/json; charset=utf-8' },
     body: { code: 0, msg: 'failed', message: '请登录' } } }
[2019-03-08T13:52:00.938] [INFO] response - { method: 'POST',
  url: '/users/register',
  body: { username: 'qwe3', password: '123' },
  costTime: 8,
  response: { status: 200,
     message: 'OK',
     header: { 'content-type': 'application/json; charset=utf-8' },
     body: { code: 1, msg: 'success', message: '注册成功' } } }
[2019-03-08T14:07:00.487] [INFO] response - { method: 'POST',
  url: '/users/login',
  body: { username: '<script>alert(/ssss/)</script>', password: '123' },
  costTime: 3,
  response: { status: 200,
     message: 'OK',
     header: { 'content-type': 'application/json; charset=utf-8' },
     body: { code: 0, msg: 'faild', message: [Object] } } }
[2019-03-08T14:07:06.071] [INFO] response - { method: 'POST',
  url: '/users/register',
  body: { username: '<script>alert(/ssss/)</script>', password: '123' },
  costTime: 6,
  response: { status: 200,
     message: 'OK',
     header: { 'content-type': 'application/json; charset=utf-8' },
     body: { code: 1, msg: 'success', message: '注册成功' } } }
[2019-03-08T14:31:16.360] [INFO] response - { method: 'POST',
  url: '/users/register',
  body: { username: '1234567', password: '1234567' },
  costTime: 6,
  response: { status: 200,
     message: 'OK',
     header: { 'content-type': 'application/json; charset=utf-8' },
     body: { code: 1, msg: 'success', message: '注册成功' } } }
[2019-03-08T14:31:37.261] [INFO] response - { method: 'POST',
  url: '/users/login',
  body: { username: '1234567', password: '1234567_' },
  costTime: 3,
  response: { status: 200,
     message: 'OK',
     header: { 'content-type': 'application/json; charset=utf-8' },
     body: { code: 0, msg: 'faild', message: '密码错误' } } }
[2019-03-08T14:36:21.469] [INFO] response - { method: 'POST',
  url: '/users/register',
  body: { username: '124124124', password: '<>213412' },
  costTime: 5,
  response: { status: 200,
     message: 'OK',
     header: { 'content-type': 'application/json; charset=utf-8' },
     body: { code: 1, msg: 'success', message: '注册成功' } } }
[2019-03-08T14:36:54.379] [INFO] response - { method: 'POST',
  url: '/users/register',
  body: { username: '124124', password: '<>1234' },
  costTime: 2,
  response: { status: 200,
     message: 'OK',
     header: { 'content-type': 'application/json; charset=utf-8' },
     body: { code: 0, msg: 'faild', message: '账号已存在' } } }
[2019-03-08T14:37:13.980] [INFO] response - { method: 'POST',
  url: '/users/register',
  body: { username: '123ed121', password: '<>124' },
  costTime: 6,
  response: { status: 200,
     message: 'OK',
     header: { 'content-type': 'application/json; charset=utf-8' },
     body: { code: 1, msg: 'success', message: '注册成功' } } }
[2019-03-08T14:51:58.357] [INFO] response - { method: 'POST',
  url: '/users/register',
  body: { username: '124124214', password: '<.124124214' },
  costTime: 6,
  response: { status: 200,
     message: 'OK',
     header: { 'content-type': 'application/json; charset=utf-8' },
     body: { code: 1, msg: 'success', message: '注册成功' } } }
[2019-03-08T14:53:37.635] [INFO] response - { method: 'POST',
  url: '/users/register',
  body: { username: 'acwaar12', password: '<>124124124' },
  costTime: 7,
  response: { status: 200,
     message: 'OK',
     header: { 'content-type': 'application/json; charset=utf-8' },
     body: { code: 1, msg: 'success', message: '注册成功' } } }
[2019-03-08T14:55:38.836] [INFO] response - { method: 'POST',
  url: '/users/register',
  body: { username: '124ad12', password: '&lt;&gt;214124' },
  costTime: 6,
  response: { status: 200,
     message: 'OK',
     header: { 'content-type': 'application/json; charset=utf-8' },
     body: { code: 1, msg: 'success', message: '注册成功' } } }
[2019-03-08T14:56:03.691] [INFO] response - { method: 'POST',
  url: '/users/register',
  body: { username: '1d1124oo', password: '&amp;lt;&amp;gt;214124' },
  costTime: 7,
  response: { status: 200,
     message: 'OK',
     header: { 'content-type': 'application/json; charset=utf-8' },
     body: { code: 1, msg: 'success', message: '注册成功' } } }
[2019-03-08T16:04:19.592] [INFO] response - { method: 'GET',
  url: '/lotteru/index',
  body: {},
  costTime: 0,
  response: { status: 404, message: 'Not Found', header: {}, body: undefined } }
[2019-03-08T16:04:30.166] [INFO] response - { method: 'GET',
  url: '/lottery/index',
  body: {},
  costTime: 0,
  response: { status: 200,
     message: 'OK',
     header: 
      { 'content-type': 'text/plain; charset=utf-8',
        'content-length': '15' },
     body: '认证未通过' } }
[2019-03-08T16:04:45.423] [INFO] response - { method: 'GET',
  url: '/lottery/index',
  body: {},
  costTime: 0,
  response: { status: 200,
     message: 'OK',
     header: 
      { 'content-type': 'text/plain; charset=utf-8',
        'content-length': '15' },
     body: '认证未通过' } }
[2019-03-08T16:14:44.167] [INFO] response - { method: 'GET',
  url: '/lottery/index',
  body: {},
  costTime: 6,
  response: { status: 200,
     message: 'OK',
     header: { 'content-type': 'application/json; charset=utf-8' },
     body: { code: 1, msg: 'success', data: [] } } }
[2019-03-08T16:15:16.692] [INFO] response - { method: 'GET',
  url: '/lottery/index?id=1',
  body: {},
  costTime: 2,
  response: { status: 200,
     message: 'OK',
     header: { 'content-type': 'application/json; charset=utf-8' },
     body: { code: 1, msg: 'success', data: [Array] } } }
[2019-03-08T16:44:52.517] [INFO] response - { method: 'GET',
  url: '/users/logout',
  body: {},
  costTime: 2,
  response: { status: 200,
     message: 'OK',
     header: { 'content-type': 'application/json; charset=utf-8' },
     body: { code: 1, msg: 'success', message: '退出登录' } } }
[2019-03-08T16:44:59.536] [INFO] response - { method: 'POST',
  url: '/users/login',
  body: { username: 'qwe123', password: 'qwe123' },
  costTime: 20,
  response: { status: 200,
     message: 'OK',
     header: { 'content-type': 'application/json; charset=utf-8' },
     body: 
      { code: 1,
        msg: 'success',
        message: '登陆成功',
        csrf: 'dT8mmJ72-0Fq-rCvggM9mhkJMCShnOzbd4pw' } } }
[2019-03-08T16:45:11.268] [INFO] response - { method: 'GET',
  url: '/lottery/index?id=1',
  body: {},
  costTime: 4,
  response: { status: 200,
     message: 'OK',
     header: { 'content-type': 'application/json; charset=utf-8' },
     body: { code: 1, msg: 'success', data: [Array] } } }
[2019-03-08T16:58:18.437] [INFO] response - { method: 'GET',
  url: '/lottery/index?id=1',
  body: {},
  costTime: 7,
  response: { status: 200,
     message: 'OK',
     header: { 'content-type': 'application/json; charset=utf-8' },
     body: { code: 1, msg: 'success', data: [Array] } } }
[2019-03-08T16:58:20.968] [INFO] response - { method: 'GET',
  url: '/users/logout',
  body: {},
  costTime: 0,
  response: { status: 200,
     message: 'OK',
     header: { 'content-type': 'application/json; charset=utf-8' },
     body: { code: 1, msg: 'success', message: '退出登录' } } }
[2019-03-08T16:58:24.895] [INFO] response - { method: 'POST',
  url: '/users/login',
  body: { username: 'qwe123', password: 'qwe123' },
  costTime: 5,
  response: { status: 200,
     message: 'OK',
     header: { 'content-type': 'application/json; charset=utf-8' },
     body: 
      { code: 1,
        msg: 'success',
        message: '登陆成功',
        csrf: 'Z9fqnqnh-0XmvFnsaP1UgIXl9A6ZA6ccF7QU' } } }
[2019-03-08T17:05:34.932] [INFO] response - { method: 'GET',
  url: '/users/logout',
  body: {},
  costTime: 2,
  response: { status: 200,
     message: 'OK',
     header: { 'content-type': 'application/json; charset=utf-8' },
     body: { code: 1, msg: 'success', message: '退出登录' } } }
[2019-03-08T17:05:39.014] [INFO] response - { method: 'POST',
  url: '/users/login',
  body: { username: 'qwe123', password: 'qwe123' },
  costTime: 7,
  response: { status: 200,
     message: 'OK',
     header: { 'content-type': 'application/json; charset=utf-8' },
     body: 
      { code: 1,
        msg: 'success',
        message: '登陆成功',
        csrf: '1V84vxfe-vbbzgn_Q95hi-72Ch7tpM5lYXIM' } } }
